#
# There is insufficient memory for the Java Runtime Environment to continue.
# Native memory allocation (malloc) failed to allocate 715849728 bytes for committing reserved memory.
# Possible reasons:
#   The system is out of physical RAM or swap space
#   In 32 bit mode, the process size limit was hit
# Possible solutions:
#   Reduce memory load on the system
#   Increase physical memory or swap space
#   Check if swap backing store is full
#   Use 64 bit Java on a 64 bit OS
#   Decrease Java heap size (-Xmx/-Xms)
#   Decrease number of Java threads
#   Decrease Java thread stack sizes (-Xss)
#   Set larger code cache with -XX:ReservedCodeCacheSize=
# This output file may be truncated or incomplete.
#
#  Out of Memory Error (os_linux.cpp:2761), pid=10933, tid=3064093504
#
# JRE version:  (7.0_51) (build )
# Java VM: OpenJDK Client VM (24.45-b08 mixed mode, sharing linux-x86 )
# Failed to write core dump. Core dumps have been disabled. To enable core dumping, try "ulimit -c unlimited" before starting Java again
#

---------------  T H R E A D  ---------------

Current thread (0xb6807c00):  JavaThread "Unknown thread" [_thread_in_vm, id=10973, stack(0xb69d5000,0xb6a26000)]

Stack: [0xb69d5000,0xb6a26000]

[error occurred during error reporting (printing native stack), id 0xb]


---------------  P R O C E S S  ---------------

Java Threads: ( => current thread )

Other Threads:

=>0xb6807c00 (exited) JavaThread "Unknown thread" [_thread_in_vm, id=10973, stack(0xb69d5000,0xb6a26000)]

VM state:not at safepoint (not fully initialized)

VM Mutex/Monitor currently owned by a thread: None

GC Heap History (0 events):
No events

Deoptimization events (0 events):
No events

Internal exceptions (0 events):
No events

Events (0 events):
No events


Dynamic libraries:
08048000-08049000 r-xp 00000000 08:01 149543     /usr/lib/jvm/java-7-openjdk-i386/jre/bin/java
08049000-0804a000 r--p 00000000 08:01 149543     /usr/lib/jvm/java-7-openjdk-i386/jre/bin/java
0804a000-0804b000 rw-p 00001000 08:01 149543     /usr/lib/jvm/java-7-openjdk-i386/jre/bin/java
0865e000-0867f000 rw-p 00000000 00:00 0          [heap]
42980000-57ed0000 rw-p 00000000 00:00 0 
82980000-94780000 rw-p 00000000 00:00 0 
b44f4000-b459f000 rw-p 00000000 00:00 0 
b459f000-b477f000 rw-p 00000000 00:00 0 
b477f000-b4781000 rw-p 00000000 00:00 0 
b4781000-b4800000 rw-p 00000000 00:00 0 
b4800000-b4828000 rwxp 00000000 00:00 0 
b4828000-b6821000 rw-p 00000000 00:00 0 
b6821000-b6900000 ---p 00000000 00:00 0 
b6954000-b695f000 r-xp 00000000 08:01 3838       /lib/i386-linux-gnu/libnss_files-2.15.so
b695f000-b6960000 r--p 0000a000 08:01 3838       /lib/i386-linux-gnu/libnss_files-2.15.so
b6960000-b6961000 rw-p 0000b000 08:01 3838       /lib/i386-linux-gnu/libnss_files-2.15.so
b6961000-b696b000 r-xp 00000000 08:01 3842       /lib/i386-linux-gnu/libnss_nis-2.15.so
b696b000-b696c000 r--p 00009000 08:01 3842       /lib/i386-linux-gnu/libnss_nis-2.15.so
b696c000-b696d000 rw-p 0000a000 08:01 3842       /lib/i386-linux-gnu/libnss_nis-2.15.so
b696d000-b6983000 r-xp 00000000 08:01 3832       /lib/i386-linux-gnu/libnsl-2.15.so
b6983000-b6984000 r--p 00015000 08:01 3832       /lib/i386-linux-gnu/libnsl-2.15.so
b6984000-b6985000 rw-p 00016000 08:01 3832       /lib/i386-linux-gnu/libnsl-2.15.so
b6985000-b6987000 rw-p 00000000 00:00 0 
b6987000-b698e000 r-xp 00000000 08:01 3834       /lib/i386-linux-gnu/libnss_compat-2.15.so
b698e000-b698f000 r--p 00006000 08:01 3834       /lib/i386-linux-gnu/libnss_compat-2.15.so
b698f000-b6990000 rw-p 00007000 08:01 3834       /lib/i386-linux-gnu/libnss_compat-2.15.so
b6991000-b6999000 r-xp 00000000 08:01 149572     /usr/lib/jvm/java-7-openjdk-i386/jre/lib/i386/libzip.so
b6999000-b699a000 r--p 00007000 08:01 149572     /usr/lib/jvm/java-7-openjdk-i386/jre/lib/i386/libzip.so
b699a000-b699b000 rw-p 00008000 08:01 149572     /usr/lib/jvm/java-7-openjdk-i386/jre/lib/i386/libzip.so
b699b000-b69a3000 rw-s 00000000 08:01 409108     /tmp/hsperfdata_spokos/10933
b69a3000-b69ca000 r-xp 00000000 08:01 149557     /usr/lib/jvm/java-7-openjdk-i386/jre/lib/i386/libjava.so
b69ca000-b69cb000 r--p 00026000 08:01 149557     /usr/lib/jvm/java-7-openjdk-i386/jre/lib/i386/libjava.so
b69cb000-b69cc000 rw-p 00027000 08:01 149557     /usr/lib/jvm/java-7-openjdk-i386/jre/lib/i386/libjava.so
b69cc000-b69d3000 r-xp 00000000 08:01 3873       /lib/i386-linux-gnu/librt-2.15.so
b69d3000-b69d4000 r--p 00006000 08:01 3873       /lib/i386-linux-gnu/librt-2.15.so
b69d4000-b69d5000 rw-p 00007000 08:01 3873       /lib/i386-linux-gnu/librt-2.15.so
b69d5000-b69d8000 ---p 00000000 00:00 0 
b69d8000-b6a26000 rw-p 00000000 00:00 0          [stack:10973]
b6a26000-b6a42000 r-xp 00000000 08:01 3808       /lib/i386-linux-gnu/libgcc_s.so.1
b6a42000-b6a43000 r--p 0001b000 08:01 3808       /lib/i386-linux-gnu/libgcc_s.so.1
b6a43000-b6a44000 rw-p 0001c000 08:01 3808       /lib/i386-linux-gnu/libgcc_s.so.1
b6a44000-b6a6e000 r-xp 00000000 08:01 3819       /lib/i386-linux-gnu/libm-2.15.so
b6a6e000-b6a6f000 r--p 00029000 08:01 3819       /lib/i386-linux-gnu/libm-2.15.so
b6a6f000-b6a70000 rw-p 0002a000 08:01 3819       /lib/i386-linux-gnu/libm-2.15.so
b6a70000-b6b48000 r-xp 00000000 08:01 134992     /usr/lib/i386-linux-gnu/libstdc++.so.6.0.16
b6b48000-b6b49000 ---p 000d8000 08:01 134992     /usr/lib/i386-linux-gnu/libstdc++.so.6.0.16
b6b49000-b6b4d000 r--p 000d8000 08:01 134992     /usr/lib/i386-linux-gnu/libstdc++.so.6.0.16
b6b4d000-b6b4e000 rw-p 000dc000 08:01 134992     /usr/lib/i386-linux-gnu/libstdc++.so.6.0.16
b6b4e000-b6b55000 rw-p 00000000 00:00 0 
b6b55000-b7159000 r-xp 00000000 08:01 149590     /usr/lib/jvm/java-7-openjdk-i386/jre/lib/i386/client/libjvm.so
b7159000-b715a000 ---p 00604000 08:01 149590     /usr/lib/jvm/java-7-openjdk-i386/jre/lib/i386/client/libjvm.so
b715a000-b7171000 r--p 00604000 08:01 149590     /usr/lib/jvm/java-7-openjdk-i386/jre/lib/i386/client/libjvm.so
b7171000-b717f000 rw-p 0061b000 08:01 149590     /usr/lib/jvm/java-7-openjdk-i386/jre/lib/i386/client/libjvm.so
b717f000-b759b000 rw-p 00000000 00:00 0 
b759b000-b75af000 r-xp 00000000 08:01 3898       /lib/i386-linux-gnu/libz.so.1.2.3.4
b75af000-b75b0000 r--p 00013000 08:01 3898       /lib/i386-linux-gnu/libz.so.1.2.3.4
b75b0000-b75b1000 rw-p 00014000 08:01 3898       /lib/i386-linux-gnu/libz.so.1.2.3.4
b75b1000-b75c8000 r-xp 00000000 08:01 3867       /lib/i386-linux-gnu/libpthread-2.15.so
b75c8000-b75c9000 r--p 00016000 08:01 3867       /lib/i386-linux-gnu/libpthread-2.15.so
b75c9000-b75ca000 rw-p 00017000 08:01 3867       /lib/i386-linux-gnu/libpthread-2.15.so
b75ca000-b75cc000 rw-p 00000000 00:00 0 
b75cc000-b75cf000 r-xp 00000000 08:01 3800       /lib/i386-linux-gnu/libdl-2.15.so
b75cf000-b75d0000 r--p 00002000 08:01 3800       /lib/i386-linux-gnu/libdl-2.15.so
b75d0000-b75d1000 rw-p 00003000 08:01 3800       /lib/i386-linux-gnu/libdl-2.15.so
b75d1000-b7774000 r-xp 00000000 08:01 3787       /lib/i386-linux-gnu/libc-2.15.so
b7774000-b7776000 r--p 001a3000 08:01 3787       /lib/i386-linux-gnu/libc-2.15.so
b7776000-b7777000 rw-p 001a5000 08:01 3787       /lib/i386-linux-gnu/libc-2.15.so
b7777000-b777b000 rw-p 00000000 00:00 0 
b777e000-b777f000 rw-p 00000000 00:00 0 
b777f000-b7780000 r--p 00000000 00:00 0 
b7780000-b778c000 r-xp 00000000 08:01 149571     /usr/lib/jvm/java-7-openjdk-i386/jre/lib/i386/libverify.so
b778c000-b778d000 r--p 0000b000 08:01 149571     /usr/lib/jvm/java-7-openjdk-i386/jre/lib/i386/libverify.so
b778d000-b778e000 rw-p 0000c000 08:01 149571     /usr/lib/jvm/java-7-openjdk-i386/jre/lib/i386/libverify.so
b778e000-b779b000 r-xp 00000000 08:01 149560     /usr/lib/jvm/java-7-openjdk-i386/jre/lib/i386/jli/libjli.so
b779b000-b779c000 r--p 0000c000 08:01 149560     /usr/lib/jvm/java-7-openjdk-i386/jre/lib/i386/jli/libjli.so
b779c000-b779d000 rw-p 0000d000 08:01 149560     /usr/lib/jvm/java-7-openjdk-i386/jre/lib/i386/jli/libjli.so
b779d000-b779f000 rw-p 00000000 00:00 0 
b779f000-b77a0000 r-xp 00000000 00:00 0          [vdso]
b77a0000-b77c0000 r-xp 00000000 08:01 3767       /lib/i386-linux-gnu/ld-2.15.so
b77c0000-b77c1000 r--p 0001f000 08:01 3767       /lib/i386-linux-gnu/ld-2.15.so
b77c1000-b77c2000 rw-p 00020000 08:01 3767       /lib/i386-linux-gnu/ld-2.15.so
bfa60000-bfa82000 rw-p 00000000 00:00 0          [stack]

VM Arguments:
jvm_args: -Dactivator.home=/home/spokos/Code/Typesafe_activator/activator-1.2.10-minimal -Xms1024m -Xmx1024m -XX:PermSize=64m -XX:MaxPermSize=256m 
java_command: /home/spokos/Code/Typesafe_activator/activator-1.2.10-minimal/activator-launch-1.2.10.jar compile
Launcher Type: SUN_STANDARD

Environment Variables:
CLASSPATH=/home/spokos/Code/idea-IC-139.225.3/bin/../lib/bootstrap.jar:/home/spokos/Code/idea-IC-139.225.3/bin/../lib/extensions.jar:/home/spokos/Code/idea-IC-139.225.3/bin/../lib/util.jar:/home/spokos/Code/idea-IC-139.225.3/bin/../lib/jdom.jar:/home/spokos/Code/idea-IC-139.225.3/bin/../lib/log4j.jar:/home/spokos/Code/idea-IC-139.225.3/bin/../lib/trove4j.jar:/home/spokos/Code/idea-IC-139.225.3/bin/../lib/jna.jar:/usr/lib/jvm/java-7-openjdk-i386/lib/tools.jar
PATH=/home/spokos/.rvm/gems/ruby-2.0.0-p353/bin:/home/spokos/.rvm/gems/ruby-2.0.0-p353@global/bin:/home/spokos/.rvm/rubies/ruby-2.0.0-p353/bin:/home/spokos/.rvm/bin:/home/spokos/Code/sbt/bin:/home/spokos/Code/playframework/play-2.2.1:/home/spokos/Code/Typesafe_activator/activator-1.2.10-minimal:/home/spokos/Code/StandardML/bin:/usr/lib/lightdm/lightdm:/usr/local/sbin:/usr/local/bin:/usr/sbin:/usr/bin:/sbin:/bin:/usr/games
LD_LIBRARY_PATH=/home/spokos/Code/idea-IC-139.225.3/bin:
SHELL=/bin/bash
DISPLAY=:0.0

Signal Handlers:
SIGSEGV: [libjvm.so+0x4e27a0], sa_mask[0]=0x7ffbfeff, sa_flags=0x10000004
SIGBUS: [libjvm.so+0x4e27a0], sa_mask[0]=0x7ffbfeff, sa_flags=0x10000004
SIGFPE: [libjvm.so+0x3b9a50], sa_mask[0]=0x7ffbfeff, sa_flags=0x10000004
SIGPIPE: [libjvm.so+0x3b9a50], sa_mask[0]=0x7ffbfeff, sa_flags=0x10000004
SIGXFSZ: [libjvm.so+0x3b9a50], sa_mask[0]=0x7ffbfeff, sa_flags=0x10000004
SIGILL: [libjvm.so+0x3b9a50], sa_mask[0]=0x7ffbfeff, sa_flags=0x10000004
SIGUSR1: SIG_DFL, sa_mask[0]=0x00000000, sa_flags=0x00000000
SIGUSR2: [libjvm.so+0x3b9d90], sa_mask[0]=0x00000004, sa_flags=0x10000004
SIGHUP: SIG_DFL, sa_mask[0]=0x00000000, sa_flags=0x00000000
SIGINT: SIG_DFL, sa_mask[0]=0x00000000, sa_flags=0x00000000
SIGTERM: SIG_DFL, sa_mask[0]=0x00000000, sa_flags=0x00000000
SIGQUIT: SIG_DFL, sa_mask[0]=0x00000000, sa_flags=0x00000000


---------------  S Y S T E M  ---------------

OS:Ubuntu 12.04 (precise)
uname:Linux 3.8.0-29-generic #42~precise1-Ubuntu SMP Wed Aug 14 15:31:16 UTC 2013 i686
libc:glibc 2.15 NPTL 2.15 
rlimit: STACK 8192k, CORE 0k, NPROC 16004, NOFILE 4096, AS infinity
load average:0.87 0.52 0.33

/proc/meminfo:
MemTotal:        2064904 kB
MemFree:          176040 kB
Buffers:           56192 kB
Cached:           362880 kB
SwapCached:        92204 kB
Active:           798864 kB
Inactive:        1019640 kB
Active(anon):     650132 kB
Inactive(anon):   765256 kB
Active(file):     148732 kB
Inactive(file):   254384 kB
Unevictable:          32 kB
Mlocked:              32 kB
HighTotal:       1183688 kB
HighFree:          23968 kB
LowTotal:         881216 kB
LowFree:          152072 kB
SwapTotal:        522236 kB
SwapFree:         147552 kB
Dirty:             10184 kB
Writeback:             0 kB
AnonPages:       1308260 kB
Mapped:           104120 kB
Shmem:             15904 kB
Slab:              30304 kB
SReclaimable:      16060 kB
SUnreclaim:        14244 kB
KernelStack:        4368 kB
PageTables:        17516 kB
NFS_Unstable:          0 kB
Bounce:                0 kB
WritebackTmp:          0 kB
CommitLimit:     1554688 kB
Committed_AS:    5128976 kB
VmallocTotal:     122880 kB
VmallocUsed:       28772 kB
VmallocChunk:      92980 kB
HardwareCorrupted:     0 kB
AnonHugePages:         0 kB
HugePages_Total:       0
HugePages_Free:        0
HugePages_Rsvd:        0
HugePages_Surp:        0
Hugepagesize:       2048 kB
DirectMap4k:        8184 kB
DirectMap2M:      905216 kB


CPU:total 1 (4 cores per cpu, 1 threads per core) family 6 model 58 stepping 9, cmov, cx8, fxsr, mmx, sse, sse2, sse3, ssse3, sse4.1, sse4.2, popcnt, aes, erms, tsc, tscinvbit, tscinv

/proc/cpuinfo:
processor	: 0
vendor_id	: GenuineIntel
cpu family	: 6
model		: 58
model name	: Intel(R) Core(TM) i5-3570K CPU @ 3.40GHz
stepping	: 9
cpu MHz		: 3376.457
cache size	: 6144 KB
fdiv_bug	: no
hlt_bug		: no
f00f_bug	: no
coma_bug	: no
fpu		: yes
fpu_exception	: yes
cpuid level	: 5
wp		: yes
flags		: fpu vme de pse tsc msr pae mce cx8 apic mtrr pge mca cmov pat pse36 clflush mmx fxsr sse sse2 rdtscp constant_tsc pni monitor ssse3
bogomips	: 6752.91
clflush size	: 64
cache_alignment	: 64
address sizes	: 36 bits physical, 48 bits virtual
power management:



Memory: 4k page, physical 2064904k(176040k free), swap 522236k(147552k free)

vm_info: OpenJDK Client VM (24.45-b08) for linux-x86 JRE (1.7.0_51-b00), built on Jan 16 2014 18:41:20 by "buildd" with gcc 4.6.3

time: Sat Feb 28 16:35:19 2015
elapsed time: 0 seconds

