#
# There is insufficient memory for the Java Runtime Environment to continue.
# Native memory allocation (malloc) failed to allocate 30695424 bytes for committing reserved memory.
# Possible reasons:
#   The system is out of physical RAM or swap space
#   In 32 bit mode, the process size limit was hit
# Possible solutions:
#   Reduce memory load on the system
#   Increase physical memory or swap space
#   Check if swap backing store is full
#   Use 64 bit Java on a 64 bit OS
#   Decrease Java heap size (-Xmx/-Xms)
#   Decrease number of Java threads
#   Decrease Java thread stack sizes (-Xss)
#   Set larger code cache with -XX:ReservedCodeCacheSize=
# This output file may be truncated or incomplete.
#
#  Out of Memory Error (os_linux.cpp:2761), pid=10676, tid=3021454144
#
# JRE version: OpenJDK Runtime Environment (7.0_51) (build 1.7.0_51-b00)
# Java VM: OpenJDK Client VM (24.45-b08 mixed mode, sharing linux-x86 )
# Failed to write core dump. Core dumps have been disabled. To enable core dumping, try "ulimit -c unlimited" before starting Java again
#

---------------  T H R E A D  ---------------

Current thread (0xb6830400):  VMThread [stack: 0xb40fb000,0xb417c000] [id=10682]

Stack: [0xb40fb000,0xb417c000]
[error occurred during error reporting (printing stack bounds), id 0xb]

VM_Operation (0xb6a0cc98): GenCollectForPermanentAllocation, mode: safepoint, requested by thread 0xb6807c00


---------------  P R O C E S S  ---------------

Java Threads: ( => current thread )
  0xb684b800 JavaThread "Service Thread" daemon [_thread_blocked, id=10687, stack(0xb3c2e000,0xb3c7f000)]
  0xb6849c00 JavaThread "C1 CompilerThread0" daemon [_thread_blocked, id=10686, stack(0xb3c7f000,0xb3d00000)]
  0xb6848000 JavaThread "Signal Dispatcher" daemon [_thread_blocked, id=10685, stack(0xb4008000,0xb4059000)]
  0xb6833400 JavaThread "Finalizer" daemon [_thread_blocked, id=10684, stack(0xb4059000,0xb40aa000)]
  0xb6831c00 JavaThread "Reference Handler" daemon [_thread_blocked, id=10683, stack(0xb40aa000,0xb40fb000)]
  0xb6807c00 JavaThread "main" [_thread_blocked, id=10681, stack(0xb69c1000,0xb6a12000)]

Other Threads:
=>0xb6830400 VMThread [stack: 0xb40fb000,0xb417c000] [id=10682]
  0xb684e000 WatcherThread [stack: 0xb3bad000,0xb3c2e000] [id=10688]

VM state:at safepoint (normal execution)

VM Mutex/Monitor currently owned by a thread:  ([mutex/lock_event])
[0xb68052e8] Threads_lock - owner thread: 0xb6830400
[0xb68056f8] Heap_lock - owner thread: 0xb6807c00

Heap
 def new generation   total 31424K, used 0K [0x4a980000, 0x4cb90000, 0x5a980000)
  eden space 27968K,   0% used [0x4a980000, 0x4a980000, 0x4c4d0000)
  from space 3456K,   0% used [0x4c4d0000, 0x4c4d0000, 0x4c830000)
  to   space 3456K,   0% used [0x4c830000, 0x4c830000, 0x4cb90000)
 tenured generation   total 69640K, used 59768K [0x5a980000, 0x5ed82000, 0x7a980000)
   the space 69640K,  85% used [0x5a980000, 0x5e3de228, 0x5e3de400, 0x5ed82000)
 compacting perm gen  total 24832K, used 24831K [0x7a980000, 0x7c1c0000, 0x92980000)
   the space 24832K,  99% used [0x7a980000, 0x7c1bffc0, 0x7c1c0000, 0x7c1c0000)
    ro space 10240K,  58% used [0x92980000, 0x92f5c810, 0x92f5ca00, 0x93380000)
    rw space 12288K,  59% used [0x93380000, 0x93a9ce58, 0x93a9d000, 0x93f80000)

Card table byte_map: [0xb4534000,0xb4780000] byte_map_base: 0xb42df400

Polling page: 0xb776b000

Code Cache  [0xb4800000, 0xb4b80000, 0xb6800000)
 total_blobs=2876 nmethods=2698 adapters=111 free_code_cache=29200Kb largest_free_block=29897088

Compilation events (10 events):
Event: 209.258 Thread 0xb6849c00 2724             scala.reflect.internal.SymbolTable::runId (5 bytes)
Event: 209.268 Thread 0xb6849c00 nmethod 2724 0xb4b7bb48 code [0xb4b7bc40, 0xb4b7bcc0]
Event: 209.268 Thread 0xb6849c00 2725             scala.reflect.internal.Types$AsSeenFromMap::scala$reflect$internal$Types$AsSeenFromMap$$$outer (5 bytes)
Event: 209.268 Thread 0xb6849c00 nmethod 2725 0xb4b7bd08 code [0xb4b7be00, 0xb4b7be80]
Event: 209.417 Thread 0xb6849c00 2726             java.net.URL::isValidProtocol (78 bytes)
Event: 209.558 Thread 0xb6849c00 nmethod 2726 0xb4b7bec8 code [0xb4b7c040, 0xb4b7c33c]
Event: 218.723 Thread 0xb6849c00 2727             sun.misc.MetaIndex::mayContain (51 bytes)
Event: 221.832 Thread 0xb6849c00 nmethod 2727 0xb4b7c808 code [0xb4b7c930, 0xb4b7cab4]
Event: 236.679 Thread 0xb6849c00 2728             scala.reflect.internal.Symbols$Symbol::id (5 bytes)
Event: 238.962 Thread 0xb6849c00 nmethod 2728 0xb4b7ccc8 code [0xb4b7cdc0, 0xb4b7ce40]

GC Heap History (10 events):
Event: 52.542 GC heap after
Heap after GC invocations=67 (full 4):
 def new generation   total 16832K, used 1856K [0x4a980000, 0x4bbc0000, 0x5a980000)
  eden space 14976K,   0% used [0x4a980000, 0x4a980000, 0x4b820000)
  from space 1856K, 100% used [0x4b9f0000, 0x4bbc0000, 0x4bbc0000)
  to   space 1856K,   0% used [0x4b820000, 0x4b820000, 0x4b9f0000)
 tenured generation   total 37304K, used 28844K [0x5a980000, 0x5cdee000, 0x7a980000)
   the space 37304K,  77% used [0x5a980000, 0x5c5ab258, 0x5c5ab400, 0x5cdee000)
 compacting perm gen  total 19456K, used 19415K [0x7a980000, 0x7bc80000, 0x92980000)
   the space 19456K,  99% used [0x7a980000, 0x7bc75c68, 0x7bc75e00, 0x7bc80000)
    ro space 10240K,  58% used [0x92980000, 0x92f5c810, 0x92f5ca00, 0x93380000)
    rw space 12288K,  59% used [0x93380000, 0x93a9ce58, 0x93a9d000, 0x93f80000)
}
Event: 53.908 GC heap before
{Heap before GC invocations=67 (full 4):
 def new generation   total 16832K, used 16832K [0x4a980000, 0x4bbc0000, 0x5a980000)
  eden space 14976K, 100% used [0x4a980000, 0x4b820000, 0x4b820000)
  from space 1856K, 100% used [0x4b9f0000, 0x4bbc0000, 0x4bbc0000)
  to   space 1856K,   0% used [0x4b820000, 0x4b820000, 0x4b9f0000)
 tenured generation   total 37304K, used 28844K [0x5a980000, 0x5cdee000, 0x7a980000)
   the space 37304K,  77% used [0x5a980000, 0x5c5ab258, 0x5c5ab400, 0x5cdee000)
 compacting perm gen  total 19456K, used 19415K [0x7a980000, 0x7bc80000, 0x92980000)
   the space 19456K,  99% used [0x7a980000, 0x7bc75c68, 0x7bc75e00, 0x7bc80000)
    ro space 10240K,  58% used [0x92980000, 0x92f5c810, 0x92f5ca00, 0x93380000)
    rw space 12288K,  59% used [0x93380000, 0x93a9ce58, 0x93a9d000, 0x93f80000)
Event: 55.787 GC heap after
Heap after GC invocations=68 (full 4):
 def new generation   total 16832K, used 1856K [0x4a980000, 0x4bbc0000, 0x5a980000)
  eden space 14976K,   0% used [0x4a980000, 0x4a980000, 0x4b820000)
  from space 1856K, 100% used [0x4b820000, 0x4b9f0000, 0x4b9f0000)
  to   space 1856K,   0% used [0x4b9f0000, 0x4b9f0000, 0x4bbc0000)
 tenured generation   total 37304K, used 36132K [0x5a980000, 0x5cdee000, 0x7a980000)
   the space 37304K,  96% used [0x5a980000, 0x5ccc93c0, 0x5ccc9400, 0x5cdee000)
 compacting perm gen  total 19456K, used 19415K [0x7a980000, 0x7bc80000, 0x92980000)
   the space 19456K,  99% used [0x7a980000, 0x7bc75c68, 0x7bc75e00, 0x7bc80000)
    ro space 10240K,  58% used [0x92980000, 0x92f5c810, 0x92f5ca00, 0x93380000)
    rw space 12288K,  59% used [0x93380000, 0x93a9ce58, 0x93a9d000, 0x93f80000)
}
Event: 70.604 GC heap before
{Heap before GC invocations=68 (full 4):
 def new generation   total 16832K, used 16832K [0x4a980000, 0x4bbc0000, 0x5a980000)
  eden space 14976K, 100% used [0x4a980000, 0x4b820000, 0x4b820000)
  from space 1856K, 100% used [0x4b820000, 0x4b9f0000, 0x4b9f0000)
  to   space 1856K,   0% used [0x4b9f0000, 0x4b9f0000, 0x4bbc0000)
 tenured generation   total 37304K, used 36132K [0x5a980000, 0x5cdee000, 0x7a980000)
   the space 37304K,  96% used [0x5a980000, 0x5ccc93c0, 0x5ccc9400, 0x5cdee000)
 compacting perm gen  total 20736K, used 20671K [0x7a980000, 0x7bdc0000, 0x92980000)
   the space 20736K,  99% used [0x7a980000, 0x7bdafd38, 0x7bdafe00, 0x7bdc0000)
    ro space 10240K,  58% used [0x92980000, 0x92f5c810, 0x92f5ca00, 0x93380000)
    rw space 12288K,  59% used [0x93380000, 0x93a9ce58, 0x93a9d000, 0x93f80000)
Event: 75.027 GC heap after
Heap after GC invocations=69 (full 5):
 def new generation   total 31424K, used 1807K [0x4a980000, 0x4cb90000, 0x5a980000)
  eden space 27968K,   6% used [0x4a980000, 0x4ab43ce8, 0x4c4d0000)
  from space 3456K,   0% used [0x4c4d0000, 0x4c4d0000, 0x4c830000)
  to   space 3456K,   0% used [0x4c830000, 0x4c830000, 0x4cb90000)
 tenured generation   total 69640K, used 41783K [0x5a980000, 0x5ed82000, 0x7a980000)
   the space 69640K,  59% used [0x5a980000, 0x5d24dfc8, 0x5d24e000, 0x5ed82000)
 compacting perm gen  total 20736K, used 20671K [0x7a980000, 0x7bdc0000, 0x92980000)
   the space 20736K,  99% used [0x7a980000, 0x7bdafd38, 0x7bdafe00, 0x7bdc0000)
    ro space 10240K,  58% used [0x92980000, 0x92f5c810, 0x92f5ca00, 0x93380000)
    rw space 12288K,  59% used [0x93380000, 0x93a9ce58, 0x93a9d000, 0x93f80000)
}
Event: 91.773 GC heap before
{Heap before GC invocations=69 (full 5):
 def new generation   total 31424K, used 27968K [0x4a980000, 0x4cb90000, 0x5a980000)
  eden space 27968K, 100% used [0x4a980000, 0x4c4d0000, 0x4c4d0000)
  from space 3456K,   0% used [0x4c4d0000, 0x4c4d0000, 0x4c830000)
  to   space 3456K,   0% used [0x4c830000, 0x4c830000, 0x4cb90000)
 tenured generation   total 69640K, used 41783K [0x5a980000, 0x5ed82000, 0x7a980000)
   the space 69640K,  59% used [0x5a980000, 0x5d24dfc8, 0x5d24e000, 0x5ed82000)
 compacting perm gen  total 23552K, used 23409K [0x7a980000, 0x7c080000, 0x92980000)
   the space 23552K,  99% used [0x7a980000, 0x7c05c538, 0x7c05c600, 0x7c080000)
    ro space 10240K,  58% used [0x92980000, 0x92f5c810, 0x92f5ca00, 0x93380000)
    rw space 12288K,  59% used [0x93380000, 0x93a9ce58, 0x93a9d000, 0x93f80000)
Event: 95.337 GC heap after
Heap after GC invocations=70 (full 5):
 def new generation   total 31424K, used 3456K [0x4a980000, 0x4cb90000, 0x5a980000)
  eden space 27968K,   0% used [0x4a980000, 0x4a980000, 0x4c4d0000)
  from space 3456K, 100% used [0x4c830000, 0x4cb90000, 0x4cb90000)
  to   space 3456K,   0% used [0x4c4d0000, 0x4c4d0000, 0x4c830000)
 tenured generation   total 69640K, used 46248K [0x5a980000, 0x5ed82000, 0x7a980000)
   the space 69640K,  66% used [0x5a980000, 0x5d6aa318, 0x5d6aa400, 0x5ed82000)
 compacting perm gen  total 23552K, used 23409K [0x7a980000, 0x7c080000, 0x92980000)
   the space 23552K,  99% used [0x7a980000, 0x7c05c538, 0x7c05c600, 0x7c080000)
    ro space 10240K,  58% used [0x92980000, 0x92f5c810, 0x92f5ca00, 0x93380000)
    rw space 12288K,  59% used [0x93380000, 0x93a9ce58, 0x93a9d000, 0x93f80000)
}
Event: 162.033 GC heap before
{Heap before GC invocations=70 (full 5):
 def new generation   total 31424K, used 31424K [0x4a980000, 0x4cb90000, 0x5a980000)
  eden space 27968K, 100% used [0x4a980000, 0x4c4d0000, 0x4c4d0000)
  from space 3456K, 100% used [0x4c830000, 0x4cb90000, 0x4cb90000)
  to   space 3456K,   0% used [0x4c4d0000, 0x4c4d0000, 0x4c830000)
 tenured generation   total 69640K, used 46248K [0x5a980000, 0x5ed82000, 0x7a980000)
   the space 69640K,  66% used [0x5a980000, 0x5d6aa318, 0x5d6aa400, 0x5ed82000)
 compacting perm gen  total 24320K, used 24213K [0x7a980000, 0x7c140000, 0x92980000)
   the space 24320K,  99% used [0x7a980000, 0x7c1257b8, 0x7c125800, 0x7c140000)
    ro space 10240K,  58% used [0x92980000, 0x92f5c810, 0x92f5ca00, 0x93380000)
    rw space 12288K,  59% used [0x93380000, 0x93a9ce58, 0x93a9d000, 0x93f80000)
Event: 181.061 GC heap after
Heap after GC invocations=71 (full 5):
 def new generation   total 31424K, used 3456K [0x4a980000, 0x4cb90000, 0x5a980000)
  eden space 27968K,   0% used [0x4a980000, 0x4a980000, 0x4c4d0000)
  from space 3456K, 100% used [0x4c4d0000, 0x4c830000, 0x4c830000)
  to   space 3456K,   0% used [0x4c830000, 0x4c830000, 0x4cb90000)
 tenured generation   total 69640K, used 57367K [0x5a980000, 0x5ed82000, 0x7a980000)
   the space 69640K,  82% used [0x5a980000, 0x5e185ea0, 0x5e186000, 0x5ed82000)
 compacting perm gen  total 24320K, used 24213K [0x7a980000, 0x7c140000, 0x92980000)
   the space 24320K,  99% used [0x7a980000, 0x7c1257b8, 0x7c125800, 0x7c140000)
    ro space 10240K,  58% used [0x92980000, 0x92f5c810, 0x92f5ca00, 0x93380000)
    rw space 12288K,  59% used [0x93380000, 0x93a9ce58, 0x93a9d000, 0x93f80000)
}
Event: 245.108 GC heap before
{Heap before GC invocations=71 (full 5):
 def new generation   total 31424K, used 20911K [0x4a980000, 0x4cb90000, 0x5a980000)
  eden space 27968K,  62% used [0x4a980000, 0x4ba8bda8, 0x4c4d0000)
  from space 3456K, 100% used [0x4c4d0000, 0x4c830000, 0x4c830000)
  to   space 3456K,   0% used [0x4c830000, 0x4c830000, 0x4cb90000)
 tenured generation   total 69640K, used 57367K [0x5a980000, 0x5ed82000, 0x7a980000)
   the space 69640K,  82% used [0x5a980000, 0x5e185ea0, 0x5e186000, 0x5ed82000)
 compacting perm gen  total 24832K, used 24831K [0x7a980000, 0x7c1c0000, 0x92980000)
   the space 24832K,  99% used [0x7a980000, 0x7c1bffc0, 0x7c1c0000, 0x7c1c0000)
    ro space 10240K,  58% used [0x92980000, 0x92f5c810, 0x92f5ca00, 0x93380000)
    rw space 12288K,  59% used [0x93380000, 0x93a9ce58, 0x93a9d000, 0x93f80000)

Deoptimization events (0 events):
No events

Internal exceptions (10 events):
Event: 244.230 Thread 0xb6807c00 Threw 0x4b929670 at /build/buildd/openjdk-7-7u51-2.4.4/build/openjdk/hotspot/src/share/vm/prims/jvm.cpp:1244
Event: 244.353 Thread 0xb6807c00 Threw 0x4b93e848 at /build/buildd/openjdk-7-7u51-2.4.4/build/openjdk/hotspot/src/share/vm/prims/jvm.cpp:1244
Event: 244.353 Thread 0xb6807c00 Threw 0x4b93f498 at /build/buildd/openjdk-7-7u51-2.4.4/build/openjdk/hotspot/src/share/vm/prims/jvm.cpp:1244
Event: 244.353 Thread 0xb6807c00 Threw 0x4b940b20 at /build/buildd/openjdk-7-7u51-2.4.4/build/openjdk/hotspot/src/share/vm/prims/jvm.cpp:1244
Event: 244.413 Thread 0xb6807c00 Threw 0x4b9597c0 at /build/buildd/openjdk-7-7u51-2.4.4/build/openjdk/hotspot/src/share/vm/prims/jvm.cpp:1244
Event: 244.413 Thread 0xb6807c00 Threw 0x4b95a480 at /build/buildd/openjdk-7-7u51-2.4.4/build/openjdk/hotspot/src/share/vm/prims/jvm.cpp:1244
Event: 244.413 Thread 0xb6807c00 Threw 0x4b95bc78 at /build/buildd/openjdk-7-7u51-2.4.4/build/openjdk/hotspot/src/share/vm/prims/jvm.cpp:1244
Event: 244.441 Thread 0xb6807c00 Threw 0x4b973918 at /build/buildd/openjdk-7-7u51-2.4.4/build/openjdk/hotspot/src/share/vm/prims/jvm.cpp:1244
Event: 244.441 Thread 0xb6807c00 Threw 0x4b974610 at /build/buildd/openjdk-7-7u51-2.4.4/build/openjdk/hotspot/src/share/vm/prims/jvm.cpp:1244
Event: 244.441 Thread 0xb6807c00 Threw 0x4b975ec0 at /build/buildd/openjdk-7-7u51-2.4.4/build/openjdk/hotspot/src/share/vm/prims/jvm.cpp:1244

Events (10 events):
Event: 244.025 loading class 0xb1ce04f0 done
Event: 244.230 loading class 0xb2f08688
Event: 244.230 loading class 0xb2f08688 done
Event: 244.353 loading class 0xb1ce0250
Event: 244.353 loading class 0xb1ce0250 done
Event: 244.413 loading class 0xb1cf4cb8
Event: 244.413 loading class 0xb1cf4cb8 done
Event: 244.440 loading class 0xb1ce07e8
Event: 244.440 loading class 0xb1ce07e8 done
Event: 245.067 Executing VM operation: GenCollectForPermanentAllocation


Dynamic libraries:
08048000-08049000 r-xp 00000000 08:01 149543     /usr/lib/jvm/java-7-openjdk-i386/jre/bin/java
08049000-0804a000 r--p 00000000 08:01 149543     /usr/lib/jvm/java-7-openjdk-i386/jre/bin/java
0804a000-0804b000 rw-p 00001000 08:01 149543     /usr/lib/jvm/java-7-openjdk-i386/jre/bin/java
09d9b000-0a08d000 rw-p 00000000 00:00 0          [heap]
4a980000-4cb90000 rw-p 00000000 00:00 0 
4cb90000-5a980000 rw-p 00000000 00:00 0 
5a980000-5ed82000 rw-p 00000000 00:00 0 
60ac8000-7a980000 rw-p 00000000 00:00 0 
7a980000-7c1c0000 rw-p 00000000 00:00 0 
7c1c0000-92980000 rw-p 00000000 00:00 0 
92980000-92f5d000 r--p 00001000 08:01 150073     /usr/lib/jvm/java-7-openjdk-i386/jre/lib/i386/client/classes.jsa
92f5d000-93380000 rw-p 00000000 00:00 0 
93380000-93a9d000 rw-p 005de000 08:01 150073     /usr/lib/jvm/java-7-openjdk-i386/jre/lib/i386/client/classes.jsa
93a9d000-93f80000 rw-p 00000000 00:00 0 
93f80000-9428e000 rw-p 00cfb000 08:01 150073     /usr/lib/jvm/java-7-openjdk-i386/jre/lib/i386/client/classes.jsa
9428e000-94380000 rw-p 00000000 00:00 0 
94380000-94389000 r-xp 01009000 08:01 150073     /usr/lib/jvm/java-7-openjdk-i386/jre/lib/i386/client/classes.jsa
94389000-94780000 rw-p 00000000 00:00 0 
b1c00000-b1d00000 rw-p 00000000 00:00 0 
b1e00000-b1efb000 rw-p 00000000 00:00 0 
b1efb000-b1f00000 ---p 00000000 00:00 0 
b1f00000-b1ffa000 rw-p 00000000 00:00 0 
b1ffa000-b2000000 ---p 00000000 00:00 0 
b2000000-b20fa000 rw-p 00000000 00:00 0 
b20fa000-b2100000 ---p 00000000 00:00 0 
b2100000-b21fa000 rw-p 00000000 00:00 0 
b21fa000-b2200000 ---p 00000000 00:00 0 
b2200000-b22fd000 rw-p 00000000 00:00 0 
b22fd000-b2300000 ---p 00000000 00:00 0 
b23b9000-b23c6000 r--s 00107000 08:01 149611     /usr/lib/jvm/java-7-openjdk-i386/jre/lib/rhino.jar
b23c6000-b23d1000 r--s 00203000 08:01 149610     /usr/lib/jvm/java-7-openjdk-i386/jre/lib/charsets.jar
b23d1000-b23d4000 r--s 00017000 08:01 149613     /usr/lib/jvm/java-7-openjdk-i386/jre/lib/jce.jar
b23d4000-b23de000 r--s 000b8000 08:01 149623     /usr/lib/jvm/java-7-openjdk-i386/jre/lib/resources.jar
b23de000-b23df000 r--s 00001000 08:01 389058     /home/spokos/.ivy2/cache/org.webjars/diff/jars/diff-1.0.7.jar
b23df000-b23e1000 r--s 00000000 08:01 389056     /home/spokos/.ivy2/cache/org.webjars/debug/jars/debug-0.7.4.jar
b23e1000-b23e4000 r--s 0000c000 08:01 389054     /home/spokos/.ivy2/cache/org.webjars/mocha/jars/mocha-1.17.1.jar
b23e4000-b23e8000 r--s 0001e000 08:01 388804     /home/spokos/.ivy2/cache/scala_2.10/sbt_0.13/com.typesafe.sbt/sbt-mocha/jars/sbt-mocha-1.0.0.jar
b23e8000-b23ea000 r--s 00004000 08:01 388802     /home/spokos/.ivy2/cache/scala_2.10/sbt_0.13/com.typesafe.sbt/sbt-digest/jars/sbt-digest-1.0.0.jar
b23ea000-b23eb000 r--s 00034000 08:01 389052     /home/spokos/.ivy2/cache/org.webjars/rjs/jars/rjs-2.1.11-1-trireme.jar
b23eb000-b23ed000 r--s 0000f000 08:01 388800     /home/spokos/.ivy2/cache/scala_2.10/sbt_0.13/com.typesafe.sbt/sbt-rjs/jars/sbt-rjs-1.0.1.jar
b23ed000-b23ef000 r--s 00000000 08:01 389050     /home/spokos/.ivy2/cache/org.webjars/console-browserify/jars/console-browserify-0.1.6-1.jar
b23ef000-b23f1000 r--s 00006000 08:01 389048     /home/spokos/.ivy2/cache/org.webjars/underscorejs/jars/underscorejs-1.5.2-2.jar
b23f1000-b23f2000 r--s 00027000 08:01 389046     /home/spokos/.ivy2/cache/org.webjars/jshint-node/jars/jshint-node-2.4.1-1.jar
b23f2000-b23f3000 r--s 00004000 08:01 388798     /home/spokos/.ivy2/cache/scala_2.10/sbt_0.13/com.typesafe.sbt/sbt-jshint/jars/sbt-jshint-1.0.1.jar
b23f3000-b23f4000 r--s 00001000 08:01 389044     /home/spokos/.ivy2/cache/org.webjars/amdefine/jars/amdefine-0.1.0-1.jar
b23f4000-b23f6000 r--s 00013000 08:01 389040     /home/spokos/.ivy2/cache/org.webjars/less-node/jars/less-node-1.6.0-1.jar
b23f6000-b23f8000 r--s 00007000 08:01 388796     /home/spokos/.ivy2/cache/scala_2.10/sbt_0.13/com.typesafe.sbt/sbt-less/jars/sbt-less-1.0.0.jar
b23f8000-b23fa000 r--s 00000000 08:01 389038     /home/spokos/.ivy2/cache/org.webjars/mkdirp/jars/mkdirp-0.3.5.jar
b23fa000-b23fc000 r--s 00013000 08:01 389036     /home/spokos/.ivy2/cache/org.webjars/coffee-script-node/jars/coffee-script-node-1.7.1.jar
b23fc000-b23fe000 r--s 00003000 08:01 388794     /home/spokos/.ivy2/cache/scala_2.10/sbt_0.13/com.typesafe.sbt/sbt-coffeescript/jars/sbt-coffeescript-1.0.0.jar
b23fe000-b2400000 r--s 00016000 08:01 389034     /home/spokos/.ivy2/cache/org.eclipse.jetty/jetty-http/jars/jetty-http-8.1.14.v20131031.jar
b2400000-b24fc000 rw-p 00000000 00:00 0 
b24fc000-b2500000 ---p 00000000 00:00 0 
b2500000-b2501000 r--s 00005000 08:01 389042     /home/spokos/.ivy2/cache/org.webjars/source-map/jars/source-map-0.1.31-2.jar
b2501000-b2504000 r--s 00017000 08:01 389032     /home/spokos/.ivy2/cache/org.eclipse.jetty/jetty-io/jars/jetty-io-8.1.14.v20131031.jar
b2504000-b2509000 r--s 00042000 08:01 389030     /home/spokos/.ivy2/cache/org.eclipse.jetty/jetty-util/jars/jetty-util-8.1.14.v20131031.jar
b2509000-b250c000 r--s 0001d000 08:01 389021     /home/spokos/.ivy2/cache/org.eclipse.jetty/jetty-websocket/jars/jetty-websocket-8.1.14.v20131031.jar
b250c000-b2510000 r--s 00053000 08:01 389018     /home/spokos/.ivy2/cache/net.sourceforge.cssparser/cssparser/jars/cssparser-0.9.13.jar
b2510000-b2513000 r--s 0001c000 08:01 389016     /home/spokos/.ivy2/cache/net.sourceforge.nekohtml/nekohtml/jars/nekohtml-1.9.20.jar
b2513000-b251c000 r--s 0002d000 08:01 389026     /home/spokos/.ivy2/cache/xml-apis/xml-apis/jars/xml-apis-1.4.01.jar
b251c000-b2535000 r--s 00135000 08:01 389014     /home/spokos/.ivy2/cache/xerces/xercesImpl/jars/xercesImpl-2.11.0.jar
b2535000-b2543000 r--s 000ed000 08:01 389012     /home/spokos/.ivy2/cache/net.sourceforge.htmlunit/htmlunit-core-js/jars/htmlunit-core-js-2.14.jar
b2543000-b254a000 r--s 0003a000 08:01 389010     /home/spokos/.ivy2/cache/commons-codec/commons-codec/jars/commons-codec-1.9.jar
b254a000-b254c000 r--s 00008000 08:01 389009     /home/spokos/.ivy2/cache/org.apache.httpcomponents/httpmime/jars/httpmime-4.3.2.jar
b254c000-b254e000 r--s 0000e000 08:01 389019     /home/spokos/.ivy2/cache/commons-logging/commons-logging/jars/commons-logging-1.1.3.jar
b254e000-b2554000 r--s 0003f000 08:01 389024     /home/spokos/.ivy2/cache/org.apache.httpcomponents/httpcore/jars/httpcore-4.3.1.jar
b2554000-b2560000 r--s 00084000 08:01 389007     /home/spokos/.ivy2/cache/org.apache.httpcomponents/httpclient/jars/httpclient-4.3.2.jar
b2560000-b2567000 r--s 00058000 08:01 389006     /home/spokos/.ivy2/cache/org.apache.commons/commons-lang3/jars/commons-lang3-3.2.1.jar
b2567000-b2575000 r--s 0007f000 08:01 389004     /home/spokos/.ivy2/cache/commons-collections/commons-collections/jars/commons-collections-3.2.1.jar
b2575000-b2578000 r--s 00041000 08:01 389023     /home/spokos/.ivy2/cache/xalan/serializer/jars/serializer-2.7.1.jar
b2578000-b259d000 r--s 002e3000 08:01 389002     /home/spokos/.ivy2/cache/xalan/xalan/jars/xalan-2.7.1.jar
b259d000-b25b7000 r--s 00147000 08:01 388988     /home/spokos/.ivy2/cache/net.sourceforge.htmlunit/htmlunit/jars/htmlunit-2.14.jar
b25b7000-b25b9000 r--s 0000e000 08:01 389000     /home/spokos/.ivy2/cache/org.jvnet.mimepull/mimepull/jars/mimepull-1.9.4.jar
b25b9000-b25c3000 r--s 00067000 08:01 388994     /home/spokos/.ivy2/cache/io.spray/spray-httpx/bundles/spray-httpx-1.3.1.jar
b25c3000-b25e1000 r--s 00158000 08:01 388992     /home/spokos/.ivy2/cache/io.spray/spray-http/bundles/spray-http-1.3.1.jar
b25e1000-b25e4000 r--s 0001d000 08:01 388996     /home/spokos/.ivy2/cache/io.spray/spray-util/bundles/spray-util-1.3.1.jar
b25e4000-b25e9000 r--s 0002b000 08:01 388998     /home/spokos/.ivy2/cache/io.spray/spray-io/bundles/spray-io-1.3.1.jar
b25e9000-b25f5000 r--s 000a7000 08:01 388990     /home/spokos/.ivy2/cache/io.spray/spray-can/bundles/spray-can-1.3.1.jar
b25f5000-b25f7000 r--s 0000a000 08:01 388986     /home/spokos/.ivy2/cache/io.spray/spray-client/bundles/spray-client-1.3.1.jar
b25f7000-b25fa000 r--s 0001c000 08:01 388984     /home/spokos/.ivy2/cache/com.typesafe/webdriver_2.10/jars/webdriver_2.10-1.0.0.jar
b25fa000-b2600000 r--s 00037000 08:01 388922     /home/spokos/.ivy2/cache/scala_2.10/sbt_0.13/com.typesafe.sbt/sbt-web/jars/sbt-web-1.0.2.jar
b2600000-b2700000 rw-p 00000000 00:00 0 
b2700000-b2701000 r--s 00003000 08:01 389028     /home/spokos/.ivy2/cache/org.w3c.css/sac/jars/sac-1.3.jar
b2701000-b2702000 r--s 00004000 08:01 388836     /home/spokos/.ivy2/cache/scala_2.10/sbt_0.13/com.typesafe.sbt/sbt-webdriver/jars/sbt-webdriver-1.0.0.jar
b2702000-b2705000 r--s 0002e000 08:01 388982     /home/spokos/.ivy2/cache/com.fasterxml.jackson.core/jackson-core/bundles/jackson-core-2.3.3.jar
b2705000-b2707000 r--s 00007000 08:01 388980     /home/spokos/.ivy2/cache/com.fasterxml.jackson.core/jackson-annotations/bundles/jackson-annotations-2.3.0.jar
b2707000-b2718000 r--s 000cf000 08:01 388978     /home/spokos/.ivy2/cache/com.fasterxml.jackson.core/jackson-databind/bundles/jackson-databind-2.3.3.jar
b2718000-b271a000 r--s 00005000 08:01 388976     /home/spokos/.ivy2/cache/org.webjars/webjars-locator/jars/webjars-locator-0.14.jar
b271a000-b2742000 r--s 00196000 08:01 388974     /home/spokos/.ivy2/cache/org.webjars/npm/jars/npm-1.3.26.jar
b2742000-b2743000 r--s 00001000 08:01 388920     /home/spokos/.ivy2/cache/com.typesafe/npm_2.10/jars/npm_2.10-1.0.0.jar
b2743000-b2745000 r--s 00006000 08:01 388972     /home/spokos/.ivy2/cache/org.slf4j/slf4j-api/jars/slf4j-api-1.7.7.jar
b2745000-b2746000 r--s 00002000 08:01 388934     /home/spokos/.ivy2/cache/org.slf4j/slf4j-simple/jars/slf4j-simple-1.7.7.jar
b2746000-b274b000 r--s 00029000 08:01 388970     /home/spokos/.ivy2/cache/org.parboiled/parboiled-core/bundles/parboiled-core-1.1.6.jar
b274b000-b2750000 r--s 00036000 08:01 388968     /home/spokos/.ivy2/cache/org.parboiled/parboiled-scala_2.10/bundles/parboiled-scala_2.10-1.1.6.jar
b2750000-b2756000 r--s 00049000 08:01 388932     /home/spokos/.ivy2/cache/io.spray/spray-json_2.10/bundles/spray-json_2.10-1.2.6.jar
b2756000-b2758000 r--s 00066000 08:01 388930     /home/spokos/.ivy2/cache/io.apigee.trireme/trireme-node10src/jars/trireme-node10src-0.7.5.jar
b2758000-b2760000 r--s 0005a000 08:01 388928     /home/spokos/.ivy2/cache/io.apigee.trireme/trireme-core/jars/trireme-core-0.7.5.jar
b2760000-b2761000 r--s 0001e000 08:01 388964     /home/spokos/.ivy2/cache/org.fusesource.leveldbjni/leveldbjni-win64/jars/leveldbjni-win64-1.5.jar
b2761000-b2762000 r--s 0001b000 08:01 388962     /home/spokos/.ivy2/cache/org.fusesource.leveldbjni/leveldbjni-win32/jars/leveldbjni-win32-1.5.jar
b2762000-b2763000 r--s 00044000 08:01 388960     /home/spokos/.ivy2/cache/org.fusesource.leveldbjni/leveldbjni-linux64/jars/leveldbjni-linux64-1.5.jar
b2763000-b2764000 r--s 00044000 08:01 388958     /home/spokos/.ivy2/cache/org.fusesource.leveldbjni/leveldbjni-linux32/jars/leveldbjni-linux32-1.5.jar
b2764000-b2765000 r--s 00028000 08:01 388956     /home/spokos/.ivy2/cache/org.fusesource.leveldbjni/leveldbjni-osx/jars/leveldbjni-osx-1.5.jar
b2765000-b2766000 r--s 00004000 08:01 388966     /home/spokos/.ivy2/cache/org.fusesource.hawtjni/hawtjni-runtime/jars/hawtjni-runtime-1.8.jar
b2766000-b2768000 r--s 0000c000 08:01 388954     /home/spokos/.ivy2/cache/org.fusesource.leveldbjni/leveldbjni/jars/leveldbjni-1.7.jar
b2768000-b276b000 r--s 000fa000 08:01 388950     /home/spokos/.ivy2/cache/org.fusesource.leveldbjni/leveldbjni-all/bundles/leveldbjni-all-1.7.jar
b276b000-b276f000 r--s 00034000 08:01 388948     /home/spokos/.ivy2/cache/org.iq80.leveldb/leveldb/jars/leveldb-0.5.jar
b276f000-b277a000 r--s 000a0000 08:01 388940     /home/spokos/.ivy2/cache/com.typesafe.akka/akka-persistence-experimental_2.10/jars/akka-persistence-experimental_2.10-2.3.2.jar
b277a000-b278a000 r--s 000f4000 08:01 388938     /home/spokos/.ivy2/cache/com.typesafe.akka/akka-cluster_2.10/jars/akka-cluster_2.10-2.3.2.jar
b278a000-b2792000 r--s 0007b000 08:01 388944     /home/spokos/.ivy2/cache/com.google.protobuf/protobuf-java/bundles/protobuf-java-2.5.0.jar
b2792000-b27aa000 r--s 00115000 08:01 388942     /home/spokos/.ivy2/cache/io.netty/netty/bundles/netty-3.8.0.Final.jar
b27aa000-b27c0000 r--s 00131000 08:01 388936     /home/spokos/.ivy2/cache/com.typesafe.akka/akka-remote_2.10/jars/akka-remote_2.10-2.3.2.jar
b27c0000-b2800000 r--s 00277000 08:01 388916     /home/spokos/.ivy2/cache/org.bouncycastle/bcprov-jdk15on/jars/bcprov-jdk15on-1.51.jar
b2800000-b2900000 rw-p 00000000 00:00 0 
b2900000-b2902000 r--s 00001000 08:01 388952     /home/spokos/.ivy2/cache/org.iq80.leveldb/leveldb-api/jars/leveldb-api-0.5.jar
b2902000-b2904000 r--s 0000a000 08:01 388946     /home/spokos/.ivy2/cache/org.uncommons.maths/uncommons-maths/jars/uncommons-maths-1.2.2a.jar
b2904000-b2912000 r--s 000b3000 08:01 388926     /home/spokos/.ivy2/cache/com.typesafe.akka/akka-contrib_2.10/jars/akka-contrib_2.10-2.3.2.jar
b2912000-b2937000 r--s 0024a000 08:01 388924     /home/spokos/.ivy2/cache/com.typesafe.akka/akka-actor_2.10/jars/akka-actor_2.10-2.3.2.jar
b2937000-b293b000 r--s 00021000 08:01 388918     /home/spokos/.ivy2/cache/com.typesafe/jse_2.10/jars/jse_2.10-1.0.0.jar
b293b000-b293f000 r--s 0001f000 08:01 388834     /home/spokos/.ivy2/cache/scala_2.10/sbt_0.13/com.typesafe.sbt/sbt-js-engine/jars/sbt-js-engine-1.0.1.jar
b293f000-b2946000 r--s 00038000 08:01 388863     /home/spokos/.ivy2/cache/org.bouncycastle/bcpg-jdk15on/jars/bcpg-jdk15on-1.51.jar
b2946000-b2947000 r--s 00004000 08:01 388914     /home/spokos/.ivy2/cache/org.apache.ant/ant-launcher/jars/ant-launcher-1.9.3.jar
b2947000-b2966000 r--s 001cc000 08:01 388861     /home/spokos/.ivy2/cache/org.apache.ant/ant/jars/ant-1.9.3.jar
b2966000-b296a000 r--s 00020000 08:01 388880     /home/spokos/.ivy2/cache/org.eclipse.aether/aether-impl/jars/aether-impl-0.9.0.M2.jar
b296a000-b296e000 r--s 0001d000 08:01 388884     /home/spokos/.ivy2/cache/org.eclipse.aether/aether-util/jars/aether-util-0.9.0.M2.jar
b296e000-b2970000 r--s 00003000 08:01 388912     /home/spokos/.ivy2/cache/org.eclipse.aether/aether-spi/jars/aether-spi-0.9.0.M2.jar
b2970000-b2974000 r--s 0001d000 08:01 388882     /home/spokos/.ivy2/cache/org.eclipse.aether/aether-api/jars/aether-api-0.9.0.M2.jar
b2974000-b2976000 r--s 0000e000 08:01 388878     /home/spokos/.ivy2/cache/org.apache.maven/maven-aether-provider/jars/maven-aether-provider-3.2.2.jar
b2976000-b297b000 r--s 00025000 08:01 388876     /home/spokos/.ivy2/cache/org.apache.maven/maven-model-builder/jars/maven-model-builder-3.2.2.jar
b297b000-b297e000 r--s 0000a000 08:01 388892     /home/spokos/.ivy2/cache/org.codehaus.plexus/plexus-classworlds/bundles/plexus-classworlds-2.5.1.jar
b297e000-b2984000 r--s 00042000 08:01 388904     /home/spokos/.ivy2/cache/org.eclipse.sisu/org.eclipse.sisu.inject/eclipse-plugins/org.eclipse.sisu.inject-0.0.0.M5.jar
b2984000-b2986000 r--s 00000000 08:01 388910     /home/spokos/.ivy2/cache/aopalliance/aopalliance/jars/aopalliance-1.0.jar
b2986000-b298e000 r--s 00050000 08:01 388902     /home/spokos/.ivy2/cache/org.sonatype.sisu/sisu-guice/jars/sisu-guice-3.1.3-no_aop.jar
b298e000-b298f000 r--s 00000000 08:01 388908     /home/spokos/.ivy2/cache/javax.inject/javax.inject/jars/javax.inject-1.jar
b298f000-b2990000 r--s 00001000 08:01 388906     /home/spokos/.ivy2/cache/javax.annotation/jsr250-api/jars/jsr250-api-1.0.jar
b2990000-b2993000 r--s 00008000 08:01 388900     /home/spokos/.ivy2/cache/javax.enterprise/cdi-api/jars/cdi-api-1.0.jar
b2993000-b2999000 r--s 0002a000 08:01 388886     /home/spokos/.ivy2/cache/org.eclipse.sisu/org.eclipse.sisu.plexus/eclipse-plugins/org.eclipse.sisu.plexus-0.0.0.M5.jar
b2999000-b299b000 r--s 0000a000 08:01 388859     /home/spokos/.ivy2/cache/org.apache.maven/maven-plugin-api/jars/maven-plugin-api-3.2.2.jar
b299b000-b299e000 r--s 0000b000 08:01 388874     /home/spokos/.ivy2/cache/org.apache.maven/maven-artifact/jars/maven-artifact-3.2.2.jar
b299e000-b29a0000 r--s 00005000 08:01 388872     /home/spokos/.ivy2/cache/org.apache.maven/maven-repository-metadata/jars/maven-repository-metadata-3.2.2.jar
b29a0000-b29a2000 r--s 00002000 08:01 388898     /home/spokos/.ivy2/cache/org.sonatype.plexus/plexus-cipher/jars/plexus-cipher-1.7.jar
b29a2000-b29a3000 r--s 00006000 08:01 388896     /home/spokos/.ivy2/cache/org.sonatype.plexus/plexus-sec-dispatcher/jars/plexus-sec-dispatcher-1.3.jar
b29a3000-b29a5000 r--s 00000000 08:01 388894     /home/spokos/.ivy2/cache/org.codehaus.plexus/plexus-component-annotations/jars/plexus-component-annotations-1.5.5.jar
b29a5000-b29a8000 r--s 0000d000 08:01 388888     /home/spokos/.ivy2/cache/org.codehaus.plexus/plexus-interpolation/jars/plexus-interpolation-1.19.jar
b29a8000-b29aa000 r--s 00009000 08:01 388870     /home/spokos/.ivy2/cache/org.apache.maven/maven-settings-builder/jars/maven-settings-builder-3.2.2.jar
b29aa000-b29ac000 r--s 00009000 08:01 388868     /home/spokos/.ivy2/cache/org.apache.maven/maven-settings/jars/maven-settings-3.2.2.jar
b29ac000-b29b0000 r--s 0003a000 08:01 388890     /home/spokos/.ivy2/cache/org.codehaus.plexus/plexus-utils/jars/plexus-utils-3.0.17.jar
b29b0000-b29b3000 r--s 00025000 08:01 388866     /home/spokos/.ivy2/cache/org.apache.maven/maven-model/jars/maven-model-3.2.2.jar
b29b3000-b29bf000 r--s 00081000 08:01 388857     /home/spokos/.ivy2/cache/org.apache.maven/maven-core/jars/maven-core-3.2.2.jar
b29bf000-b29c3000 r--s 00015000 08:01 388864     /home/spokos/.ivy2/cache/org.tukaani/xz/jars/xz-1.4.jar
b29c3000-b29ca000 r--s 00050000 08:01 388855     /home/spokos/.ivy2/cache/org.apache.commons/commons-compress/jars/commons-compress-1.7.jar
b29ca000-b29ce000 r--s 0002a000 08:01 388854     /home/spokos/.ivy2/cache/commons-io/commons-io/jars/commons-io-2.4.jar
b29ce000-b29e4000 r--s 0010a000 08:01 388852     /home/spokos/.ivy2/cache/org.vafer/jdeb/jars/jdeb-1.3.jar
b29e4000-b29f8000 r--s 000bc000 08:01 388832     /home/spokos/.ivy2/cache/scala_2.10/sbt_0.13/com.typesafe.sbt/sbt-native-packager/jars/sbt-native-packager-0.7.4.jar
b29f8000-b2a00000 r--s 0004b000 08:01 388830     /home/spokos/.ivy2/cache/scala_2.10/sbt_0.13/com.github.mpeltonen/sbt-idea/jars/sbt-idea-1.5.1.jar
b2a00000-b2afa000 rw-p 00000000 00:00 0 
b2afa000-b2b00000 ---p 00000000 00:00 0 
b2b00000-b2b0a000 r--s 0005f000 08:01 388850     /home/spokos/.ivy2/cache/org.scalaz/scalaz-effect_2.10/bundles/scalaz-effect_2.10-7.0.2.jar
b2b0a000-b2bb7000 r--s 00786000 08:01 388848     /home/spokos/.ivy2/cache/org.scalaz/scalaz-core_2.10/bundles/scalaz-core_2.10-7.0.2.jar
b2bb7000-b2bc0000 r--s 0004c000 08:01 407883     /home/spokos/.ivy2/cache/scala_2.10/sbt_0.13/com.typesafe.sbteclipse/sbteclipse-core/jars/sbteclipse-core-3.0.0.jar
b2bc0000-b2bc2000 r--s 00001000 08:01 407880     /home/spokos/.ivy2/cache/scala_2.10/sbt_0.13/com.typesafe.sbteclipse/sbteclipse-plugin/jars/sbteclipse-plugin-3.0.0.jar
b2bc2000-b2bca000 r--s 00041000 08:01 388844     /home/spokos/.ivy2/cache/com.typesafe.play/twirl-parser_2.10/jars/twirl-parser_2.10-1.0.2.jar
b2bca000-b2bcc000 r--s 0000d000 08:01 388842     /home/spokos/.ivy2/cache/com.typesafe.play/twirl-api_2.10/jars/twirl-api_2.10-1.0.2.jar
b2bcc000-b2bcf000 r--s 00017000 08:01 388840     /home/spokos/.ivy2/cache/com.typesafe.play/twirl-compiler_2.10/jars/twirl-compiler_2.10-1.0.2.jar
b2bcf000-b2bd2000 r--s 00010000 08:01 388826     /home/spokos/.ivy2/cache/scala_2.10/sbt_0.13/com.typesafe.sbt/sbt-twirl/jars/sbt-twirl-1.0.2.jar
b2bd2000-b2bd5000 r--s 0009f000 08:01 388824     /home/spokos/.ivy2/cache/net.contentobjects.jnotify/jnotify/jars/jnotify-0.94.jar
b2bd5000-b2be2000 r--s 00183000 08:01 388820     /home/spokos/.ivy2/cache/com.h2database/h2/jars/h2-1.3.175.jar
b2be2000-b2be5000 r--s 0002a000 08:01 388818     /home/spokos/.ivy2/cache/org.avaje.ebeanorm/avaje-ebeanorm-agent/jars/avaje-ebeanorm-agent-3.2.2.jar
b2be5000-b2c10000 r--s 001f5000 08:01 388816     /home/spokos/.ivy2/cache/com.google.guava/guava/bundles/guava-16.0.1.jar
b2c10000-b2c43000 r--s 00332000 08:01 388814     /home/spokos/.ivy2/cache/com.google.javascript/closure-compiler/jars/closure-compiler-v20130603.jar
b2c43000-b2c50000 r--s 00109000 08:01 388812     /home/spokos/.ivy2/cache/org.mozilla/rhino/jars/rhino-1.7R4.jar
b2c50000-b2c54000 r--s 00032000 08:01 386766     /home/spokos/.ivy2/cache/com.typesafe/config/bundles/config-1.2.1.jar
b2c54000-b2c5e000 r--s 000a5000 08:01 388822     /home/spokos/.ivy2/cache/org.javassist/javassist/bundles/javassist-3.18.2-GA.jar
b2c5e000-b2c61000 ---p 00000000 00:00 0 
b2c61000-b2caf000 rw-p 00000000 00:00 0 
b2caf000-b2cb2000 ---p 00000000 00:00 0 
b2cb2000-b2d00000 rw-p 00000000 00:00 0 
b2d00000-b2dfd000 rw-p 00000000 00:00 0 
b2dfd000-b2e00000 ---p 00000000 00:00 0 
b2e00000-b2efc000 rw-p 00000000 00:00 0 
b2efc000-b2f00000 ---p 00000000 00:00 0 
b2f00000-b30fb000 rw-p 00000000 00:00 0 
b30fb000-b3100000 ---p 00000000 00:00 0 
b3100000-b31fa000 rw-p 00000000 00:00 0 
b31fa000-b3200000 ---p 00000000 00:00 0 
b3200000-b3300000 rw-p 00000000 00:00 0 
b3300000-b3302000 r--s 0000a000 08:01 388838     /home/spokos/.ivy2/cache/org.json/json/jars/json-20090211.jar
b3302000-b3304000 r--s 00000000 08:01 407882     /home/spokos/.ivy2/cache/com.typesafe.play/play-exceptions/jars/play-exceptions-2.3.8.jar
b3304000-b3308000 r--s 00021000 08:01 407879     /home/spokos/.ivy2/cache/com.typesafe.play/sbt-run-support_2.10/jars/sbt-run-support_2.10-2.3.8.jar
b3308000-b3315000 r--s 00064000 08:01 407877     /home/spokos/.ivy2/cache/com.typesafe.play/routes-compiler_2.10/jars/routes-compiler_2.10-2.3.8.jar
b3315000-b3322000 r--s 000ca000 08:01 407876     /home/spokos/.ivy2/cache/scala_2.10/sbt_0.13/com.typesafe.play/sbt-plugin/jars/sbt-plugin-2.3.8.jar
b3322000-b3325000 ---p 00000000 00:00 0 
b3325000-b3373000 rw-p 00000000 00:00 0 
b3373000-b3376000 ---p 00000000 00:00 0 
b3376000-b33c4000 rw-p 00000000 00:00 0 
b33c4000-b33c9000 r--s 0004c000 08:01 149552     /usr/lib/jvm/java-7-openjdk-i386/jre/lib/jsse.jar
b33c9000-b33cb000 r--s 0000b000 08:01 387869     /home/spokos/.sbt/boot/scala-2.10.4/org.scala-sbt/sbt/0.13.5/xsbti/interface-0.13.5.jar
b33cb000-b33e0000 r--s 00116000 08:01 387882     /home/spokos/.sbt/boot/scala-2.10.4/org.scala-sbt/sbt/0.13.5/ivy-2.3.0.jar
b33e0000-b33e2000 r--s 00014000 08:01 387840     /home/spokos/.sbt/boot/scala-2.10.4/org.scala-sbt/sbt/0.13.5/apply-macro-0.13.5.jar
b33e2000-b33ec000 r--s 00090000 08:01 387861     /home/spokos/.sbt/boot/scala-2.10.4/org.scala-sbt/sbt/0.13.5/main-settings-0.13.5.jar
b33ec000-b33f0000 r--s 00034000 08:01 387855     /home/spokos/.sbt/boot/scala-2.10.4/org.scala-sbt/sbt/0.13.5/jsch-0.1.46.jar
b33f0000-b33f8000 r--s 00057000 08:01 387867     /home/spokos/.sbt/boot/scala-2.10.4/org.scala-sbt/sbt/0.13.5/completion-0.13.5.jar
b33f8000-b3400000 r--s 0005c000 08:01 387841     /home/spokos/.sbt/boot/scala-2.10.4/org.scala-sbt/sbt/0.13.5/collections-0.13.5.jar
b3400000-b3500000 rw-p 00000000 00:00 0 
b3500000-b3501000 r--s 00002000 08:01 407881     /home/spokos/.ivy2/cache/com.typesafe.play/build-link/jars/build-link-2.3.8.jar
b3501000-b3503000 r--s 00002000 08:01 387848     /home/spokos/.sbt/boot/scala-2.10.4/org.scala-sbt/sbt/0.13.5/control-0.13.5.jar
b3503000-b3600000 r--s 00cca000 08:01 387904     /home/spokos/.sbt/boot/scala-2.10.4/lib/scala-compiler.jar
b3600000-b36c3000 rw-p 00000000 00:00 0 
b36c3000-b3700000 ---p 00000000 00:00 0 
b3700000-b3703000 r--s 0001a000 08:01 387870     /home/spokos/.sbt/boot/scala-2.10.4/org.scala-sbt/sbt/0.13.5/cache-0.13.5.jar
b3703000-b3706000 r--s 00019000 08:01 387866     /home/spokos/.sbt/boot/scala-2.10.4/org.scala-sbt/sbt/0.13.5/compile-0.13.5.jar
b3706000-b3711000 r--s 000a3000 08:01 387877     /home/spokos/.sbt/boot/scala-2.10.4/org.scala-sbt/sbt/0.13.5/ivy-0.13.5.jar
b3711000-b3714000 r--s 00012000 08:01 387847     /home/spokos/.sbt/boot/scala-2.10.4/org.scala-sbt/sbt/0.13.5/classfile-0.13.5.jar
b3714000-b3719000 r--s 00036000 08:01 387845     /home/spokos/.sbt/boot/scala-2.10.4/org.scala-sbt/sbt/0.13.5/command-0.13.5.jar
b3719000-b3740000 r--s 00200000 08:01 387849     /home/spokos/.sbt/boot/scala-2.10.4/org.scala-sbt/sbt/0.13.5/main-0.13.5.jar
b3740000-b3742000 r--s 0000e000 08:01 387844     /home/spokos/.sbt/boot/scala-2.10.4/org.scala-sbt/sbt/0.13.5/logic-0.13.5.jar
b3742000-b3745000 r--s 0001d000 08:01 387874     /home/spokos/.sbt/boot/scala-2.10.4/org.scala-sbt/sbt/0.13.5/tasks-0.13.5.jar
b3745000-b374e000 r--s 00064000 08:01 387875     /home/spokos/.sbt/boot/scala-2.10.4/org.scala-sbt/sbt/0.13.5/actions-0.13.5.jar
b374e000-b3751000 r--s 0001d000 08:01 387883     /home/spokos/.sbt/boot/scala-2.10.4/org.scala-sbt/sbt/0.13.5/task-system-0.13.5.jar
b3751000-b3759000 r--s 0005e000 08:01 387886     /home/spokos/.sbt/boot/scala-2.10.4/org.scala-sbt/sbt/0.13.5/incremental-compiler-0.13.5.jar
b3759000-b375c000 r--s 00013000 08:01 387860     /home/spokos/.sbt/boot/scala-2.10.4/org.scala-sbt/sbt/0.13.5/classpath-0.13.5.jar
b375c000-b3760000 r--s 00022000 08:01 387876     /home/spokos/.sbt/boot/scala-2.10.4/org.scala-sbt/sbt/0.13.5/sbinary_2.10-0.4.2.jar
b3760000-b3762000 r--s 00001000 08:01 387851     /home/spokos/.sbt/boot/scala-2.10.4/org.scala-sbt/sbt/0.13.5/cross-0.13.5.jar
b3762000-b3765000 r--s 00030000 08:01 387852     /home/spokos/.sbt/boot/scala-2.10.4/org.scala-sbt/sbt/0.13.5/jline-2.11.jar
b3765000-b3767000 r--s 00001000 08:01 387889     /home/spokos/.sbt/boot/scala-2.10.4/org.scala-sbt/sbt/0.13.5/launcher-interface-0.13.5.jar
b3767000-b376d000 r--s 0003d000 08:01 387885     /home/spokos/.sbt/boot/scala-2.10.4/org.scala-sbt/sbt/0.13.5/io-0.13.5.jar
b376d000-b376f000 r--s 00006000 08:01 387856     /home/spokos/.sbt/boot/scala-2.10.4/org.scala-sbt/sbt/0.13.5/relation-0.13.5.jar
b376f000-b3771000 r--s 00002000 08:01 387850     /home/spokos/.sbt/boot/scala-2.10.4/org.scala-sbt/sbt/0.13.5/test-interface-1.0.jar
b3771000-b3775000 r--s 00024000 08:01 387846     /home/spokos/.sbt/boot/scala-2.10.4/org.scala-sbt/sbt/0.13.5/persist-0.13.5.jar
b3775000-b3778000 r--s 00018000 08:01 387843     /home/spokos/.sbt/boot/scala-2.10.4/org.scala-sbt/sbt/0.13.5/logging-0.13.5.jar
b3778000-b377c000 r--s 0001b000 08:01 387880     /home/spokos/.sbt/boot/scala-2.10.4/org.scala-sbt/sbt/0.13.5/process-0.13.5.jar
b377c000-b377f000 r--s 00017000 08:01 387884     /home/spokos/.sbt/boot/scala-2.10.4/org.scala-sbt/sbt/0.13.5/testing-0.13.5.jar
b377f000-b3782000 r--s 0000e000 08:01 387878     /home/spokos/.sbt/boot/scala-2.10.4/org.scala-sbt/sbt/0.13.5/compiler-integration-0.13.5.jar
b3782000-b3789000 r--s 00049000 08:01 387865     /home/spokos/.sbt/boot/scala-2.10.4/org.scala-sbt/sbt/0.13.5/api-0.13.5.jar
b3789000-b378c000 r--s 0001e000 08:01 387881     /home/spokos/.sbt/boot/scala-2.10.4/org.scala-sbt/sbt/0.13.5/run-0.13.5.jar
b378c000-b37c2000 r--s 002d9000 08:01 387857     /home/spokos/.sbt/boot/scala-2.10.4/org.scala-sbt/sbt/0.13.5/scala-reflect-2.10.4.jar
b37c2000-b37c4000 r--s 00001000 08:01 387879     /home/spokos/.sbt/boot/scala-2.10.4/org.scala-sbt/sbt/0.13.5/compiler-ivy-integration-0.13.5.jar
b37c4000-b37c7000 r--s 00018000 08:01 387905     /home/spokos/.sbt/boot/scala-2.10.4/lib/jansi.jar
b37c7000-b37fd000 r--s 002d9000 08:01 387906     /home/spokos/.sbt/boot/scala-2.10.4/lib/scala-reflect.jar
b37fd000-b386f000 r--s 0065a000 08:01 387908     /home/spokos/.sbt/boot/scala-2.10.4/lib/scala-library.jar
b386f000-b38a9000 r-xp 00000000 08:01 3860       /lib/i386-linux-gnu/libpcre.so.3.12.1
b38a9000-b38aa000 r--p 00039000 08:01 3860       /lib/i386-linux-gnu/libpcre.so.3.12.1
b38aa000-b38ab000 rw-p 0003a000 08:01 3860       /lib/i386-linux-gnu/libpcre.so.3.12.1
b38ab000-b38be000 r-xp 00000000 08:01 3871       /lib/i386-linux-gnu/libresolv-2.15.so
b38be000-b38bf000 ---p 00013000 08:01 3871       /lib/i386-linux-gnu/libresolv-2.15.so
b38bf000-b38c0000 r--p 00013000 08:01 3871       /lib/i386-linux-gnu/libresolv-2.15.so
b38c0000-b38c1000 rw-p 00014000 08:01 3871       /lib/i386-linux-gnu/libresolv-2.15.so
b38c1000-b38c3000 rw-p 00000000 00:00 0 
b38c3000-b38e0000 r-xp 00000000 08:01 3875       /lib/i386-linux-gnu/libselinux.so.1
b38e0000-b38e1000 r--p 0001c000 08:01 3875       /lib/i386-linux-gnu/libselinux.so.1
b38e1000-b38e2000 rw-p 0001d000 08:01 3875       /lib/i386-linux-gnu/libselinux.so.1
b38e2000-b39d9000 r-xp 00000000 08:01 53716      /lib/i386-linux-gnu/libglib-2.0.so.0.3200.4
b39d9000-b39da000 r--p 000f6000 08:01 53716      /lib/i386-linux-gnu/libglib-2.0.so.0.3200.4
b39da000-b39db000 rw-p 000f7000 08:01 53716      /lib/i386-linux-gnu/libglib-2.0.so.0.3200.4
b39db000-b3a28000 r-xp 00000000 08:01 130262     /usr/lib/i386-linux-gnu/libgobject-2.0.so.0.3200.4
b3a28000-b3a29000 r--p 0004c000 08:01 130262     /usr/lib/i386-linux-gnu/libgobject-2.0.so.0.3200.4
b3a29000-b3a2a000 rw-p 0004d000 08:01 130262     /usr/lib/i386-linux-gnu/libgobject-2.0.so.0.3200.4
b3a2a000-b3b7d000 r-xp 00000000 08:01 130281     /usr/lib/i386-linux-gnu/libgio-2.0.so.0.3200.4
b3b7d000-b3b7f000 r--p 00153000 08:01 130281     /usr/lib/i386-linux-gnu/libgio-2.0.so.0.3200.4
b3b7f000-b3b80000 rw-p 00155000 08:01 130281     /usr/lib/i386-linux-gnu/libgio-2.0.so.0.3200.4
b3b80000-b3b81000 rw-p 00000000 00:00 0 
b3b81000-b3b92000 r-xp 00000000 08:01 149569     /usr/lib/jvm/java-7-openjdk-i386/jre/lib/i386/libnio.so
b3b92000-b3b93000 r--p 00010000 08:01 149569     /usr/lib/jvm/java-7-openjdk-i386/jre/lib/i386/libnio.so
b3b93000-b3b94000 rw-p 00011000 08:01 149569     /usr/lib/jvm/java-7-openjdk-i386/jre/lib/i386/libnio.so
b3b94000-b3bab000 r-xp 00000000 08:01 149577     /usr/lib/jvm/java-7-openjdk-i386/jre/lib/i386/libnet.so
b3bab000-b3bac000 r--p 00016000 08:01 149577     /usr/lib/jvm/java-7-openjdk-i386/jre/lib/i386/libnet.so
b3bac000-b3bad000 rw-p 00017000 08:01 149577     /usr/lib/jvm/java-7-openjdk-i386/jre/lib/i386/libnet.so
b3bad000-b3bae000 ---p 00000000 00:00 0 
b3bae000-b3c2e000 rw-p 00000000 00:00 0          [stack:10688]
b3c2e000-b3c31000 ---p 00000000 00:00 0 
b3c31000-b3c7f000 rw-p 00000000 00:00 0          [stack:10687]
b3c7f000-b3c82000 ---p 00000000 00:00 0 
b3c82000-b3d00000 rw-p 00000000 00:00 0          [stack:10686]
b3d00000-b3f00000 r--p 00000000 08:01 138655     /usr/lib/locale/locale-archive
b3f00000-b3fdd000 rw-p 00000000 00:00 0 
b3fdd000-b4000000 ---p 00000000 00:00 0 
b4000000-b4001000 r--s 00005000 08:01 387864     /home/spokos/.sbt/boot/scala-2.10.4/org.scala-sbt/sbt/0.13.5/test-agent-0.13.5.jar
b4001000-b4006000 r-xp 00000000 08:01 134642     /usr/lib/i386-linux-gnu/libffi.so.6.0.0
b4006000-b4007000 r--p 00004000 08:01 134642     /usr/lib/i386-linux-gnu/libffi.so.6.0.0
b4007000-b4008000 rw-p 00005000 08:01 134642     /usr/lib/i386-linux-gnu/libffi.so.6.0.0
b4008000-b400b000 ---p 00000000 00:00 0 
b400b000-b4059000 rw-p 00000000 00:00 0          [stack:10685]
b4059000-b405c000 ---p 00000000 00:00 0 
b405c000-b40aa000 rw-p 00000000 00:00 0          [stack:10684]
b40aa000-b40ad000 ---p 00000000 00:00 0 
b40ad000-b40fb000 rw-p 00000000 00:00 0          [stack:10683]
b40fb000-b40fc000 ---p 00000000 00:00 0 
b40fc000-b41c4000 rw-p 00000000 00:00 0          [stack:10682]
b41c4000-b4372000 r--s 01cf4000 08:01 149624     /usr/lib/jvm/java-7-openjdk-i386/jre/lib/rt.jar
b4372000-b437f000 rw-p 00000000 00:00 0 
b437f000-b4433000 rw-p 00000000 00:00 0 
b4433000-b4456000 rw-p 00000000 00:00 0 
b4456000-b4534000 rw-p 00000000 00:00 0 
b4534000-b4546000 rw-p 00000000 00:00 0 
b4546000-b45b4000 rw-p 00000000 00:00 0 
b45b4000-b45d7000 rw-p 00000000 00:00 0 
b45d7000-b46b4000 rw-p 00000000 00:00 0 
b46b4000-b46c1000 rw-p 00000000 00:00 0 
b46c1000-b4774000 rw-p 00000000 00:00 0 
b4774000-b478e000 rw-p 00000000 00:00 0 
b478e000-b4800000 rw-p 00000000 00:00 0 
b4800000-b4b80000 rwxp 00000000 00:00 0 
b4b80000-b68fc000 rw-p 00000000 00:00 0 
b68fc000-b6900000 ---p 00000000 00:00 0 
b6900000-b6901000 r--s 00005000 08:01 387842     /home/spokos/.sbt/boot/scala-2.10.4/org.scala-sbt/sbt/0.13.5/sbt-0.13.5.jar
b6901000-b6905000 r--s 00025000 08:01 387907     /home/spokos/.sbt/boot/scala-2.10.4/lib/jline.jar
b6905000-b6908000 r-xp 00000000 08:01 184686     /usr/lib/i386-linux-gnu/libgmodule-2.0.so.0.3200.4
b6908000-b6909000 r--p 00002000 08:01 184686     /usr/lib/i386-linux-gnu/libgmodule-2.0.so.0.3200.4
b6909000-b690a000 rw-p 00003000 08:01 184686     /usr/lib/i386-linux-gnu/libgmodule-2.0.so.0.3200.4
b690a000-b6924000 r--s 00107000 08:01 405008     /home/spokos/.IdeaIC14/config/plugins/Scala/launcher/sbt-launch.jar
b6924000-b6926000 r--s 0000f000 08:01 149597     /usr/lib/jvm/java-7-openjdk-i386/jre/lib/ext/pulse-java.jar
b6926000-b6928000 r--s 00012000 08:01 149599     /usr/lib/jvm/java-7-openjdk-i386/jre/lib/ext/zipfs.jar
b6928000-b692c000 r--s 0003b000 08:01 149601     /usr/lib/jvm/java-7-openjdk-i386/jre/lib/ext/sunpkcs11.jar
b692c000-b692f000 r--s 00032000 08:01 149600     /usr/lib/jvm/java-7-openjdk-i386/jre/lib/ext/sunjce_provider.jar
b692f000-b6933000 r--s 00085000 08:01 149598     /usr/lib/jvm/java-7-openjdk-i386/jre/lib/ext/localedata.jar
b6933000-b6940000 rw-p 00000000 00:00 0 
b6940000-b694b000 r-xp 00000000 08:01 3838       /lib/i386-linux-gnu/libnss_files-2.15.so
b694b000-b694c000 r--p 0000a000 08:01 3838       /lib/i386-linux-gnu/libnss_files-2.15.so
b694c000-b694d000 rw-p 0000b000 08:01 3838       /lib/i386-linux-gnu/libnss_files-2.15.so
b694d000-b6957000 r-xp 00000000 08:01 3842       /lib/i386-linux-gnu/libnss_nis-2.15.so
b6957000-b6958000 r--p 00009000 08:01 3842       /lib/i386-linux-gnu/libnss_nis-2.15.so
b6958000-b6959000 rw-p 0000a000 08:01 3842       /lib/i386-linux-gnu/libnss_nis-2.15.so
b6959000-b696f000 r-xp 00000000 08:01 3832       /lib/i386-linux-gnu/libnsl-2.15.so
b696f000-b6970000 r--p 00015000 08:01 3832       /lib/i386-linux-gnu/libnsl-2.15.so
b6970000-b6971000 rw-p 00016000 08:01 3832       /lib/i386-linux-gnu/libnsl-2.15.so
b6971000-b6973000 rw-p 00000000 00:00 0 
b6973000-b697a000 r-xp 00000000 08:01 3834       /lib/i386-linux-gnu/libnss_compat-2.15.so
b697a000-b697b000 r--p 00006000 08:01 3834       /lib/i386-linux-gnu/libnss_compat-2.15.so
b697b000-b697c000 rw-p 00007000 08:01 3834       /lib/i386-linux-gnu/libnss_compat-2.15.so
b697c000-b697d000 r--s 0000a000 08:01 387873     /home/spokos/.sbt/boot/scala-2.10.4/org.scala-sbt/sbt/0.13.5/tracking-0.13.5.jar
b697d000-b6985000 r-xp 00000000 08:01 149572     /usr/lib/jvm/java-7-openjdk-i386/jre/lib/i386/libzip.so
b6985000-b6986000 r--p 00007000 08:01 149572     /usr/lib/jvm/java-7-openjdk-i386/jre/lib/i386/libzip.so
b6986000-b6987000 rw-p 00008000 08:01 149572     /usr/lib/jvm/java-7-openjdk-i386/jre/lib/i386/libzip.so
b6987000-b698f000 rw-s 00000000 08:01 402637     /tmp/hsperfdata_spokos/10676
b698f000-b69b6000 r-xp 00000000 08:01 149557     /usr/lib/jvm/java-7-openjdk-i386/jre/lib/i386/libjava.so
b69b6000-b69b7000 r--p 00026000 08:01 149557     /usr/lib/jvm/java-7-openjdk-i386/jre/lib/i386/libjava.so
b69b7000-b69b8000 rw-p 00027000 08:01 149557     /usr/lib/jvm/java-7-openjdk-i386/jre/lib/i386/libjava.so
b69b8000-b69bf000 r-xp 00000000 08:01 3873       /lib/i386-linux-gnu/librt-2.15.so
b69bf000-b69c0000 r--p 00006000 08:01 3873       /lib/i386-linux-gnu/librt-2.15.so
b69c0000-b69c1000 rw-p 00007000 08:01 3873       /lib/i386-linux-gnu/librt-2.15.so
b69c1000-b69c4000 ---p 00000000 00:00 0 
b69c4000-b6a12000 rw-p 00000000 00:00 0          [stack:10681]
b6a12000-b6a2e000 r-xp 00000000 08:01 3808       /lib/i386-linux-gnu/libgcc_s.so.1
b6a2e000-b6a2f000 r--p 0001b000 08:01 3808       /lib/i386-linux-gnu/libgcc_s.so.1
b6a2f000-b6a30000 rw-p 0001c000 08:01 3808       /lib/i386-linux-gnu/libgcc_s.so.1
b6a30000-b6a5a000 r-xp 00000000 08:01 3819       /lib/i386-linux-gnu/libm-2.15.so
b6a5a000-b6a5b000 r--p 00029000 08:01 3819       /lib/i386-linux-gnu/libm-2.15.so
b6a5b000-b6a5c000 rw-p 0002a000 08:01 3819       /lib/i386-linux-gnu/libm-2.15.so
b6a5c000-b6b34000 r-xp 00000000 08:01 134992     /usr/lib/i386-linux-gnu/libstdc++.so.6.0.16
b6b34000-b6b35000 ---p 000d8000 08:01 134992     /usr/lib/i386-linux-gnu/libstdc++.so.6.0.16
b6b35000-b6b39000 r--p 000d8000 08:01 134992     /usr/lib/i386-linux-gnu/libstdc++.so.6.0.16
b6b39000-b6b3a000 rw-p 000dc000 08:01 134992     /usr/lib/i386-linux-gnu/libstdc++.so.6.0.16
b6b3a000-b6b41000 rw-p 00000000 00:00 0 
b6b41000-b7145000 r-xp 00000000 08:01 149590     /usr/lib/jvm/java-7-openjdk-i386/jre/lib/i386/client/libjvm.so
b7145000-b7146000 ---p 00604000 08:01 149590     /usr/lib/jvm/java-7-openjdk-i386/jre/lib/i386/client/libjvm.so
b7146000-b715d000 r--p 00604000 08:01 149590     /usr/lib/jvm/java-7-openjdk-i386/jre/lib/i386/client/libjvm.so
b715d000-b716b000 rw-p 0061b000 08:01 149590     /usr/lib/jvm/java-7-openjdk-i386/jre/lib/i386/client/libjvm.so
b716b000-b7587000 rw-p 00000000 00:00 0 
b7587000-b759b000 r-xp 00000000 08:01 3898       /lib/i386-linux-gnu/libz.so.1.2.3.4
b759b000-b759c000 r--p 00013000 08:01 3898       /lib/i386-linux-gnu/libz.so.1.2.3.4
b759c000-b759d000 rw-p 00014000 08:01 3898       /lib/i386-linux-gnu/libz.so.1.2.3.4
b759d000-b75b4000 r-xp 00000000 08:01 3867       /lib/i386-linux-gnu/libpthread-2.15.so
b75b4000-b75b5000 r--p 00016000 08:01 3867       /lib/i386-linux-gnu/libpthread-2.15.so
b75b5000-b75b6000 rw-p 00017000 08:01 3867       /lib/i386-linux-gnu/libpthread-2.15.so
b75b6000-b75b8000 rw-p 00000000 00:00 0 
b75b8000-b75bb000 r-xp 00000000 08:01 3800       /lib/i386-linux-gnu/libdl-2.15.so
b75bb000-b75bc000 r--p 00002000 08:01 3800       /lib/i386-linux-gnu/libdl-2.15.so
b75bc000-b75bd000 rw-p 00003000 08:01 3800       /lib/i386-linux-gnu/libdl-2.15.so
b75bd000-b7760000 r-xp 00000000 08:01 3787       /lib/i386-linux-gnu/libc-2.15.so
b7760000-b7762000 r--p 001a3000 08:01 3787       /lib/i386-linux-gnu/libc-2.15.so
b7762000-b7763000 rw-p 001a5000 08:01 3787       /lib/i386-linux-gnu/libc-2.15.so
b7763000-b7767000 rw-p 00000000 00:00 0 
b7767000-b7768000 r--s 00007000 08:01 321295     /usr/share/java/java-atk-wrapper.jar
b7768000-b7769000 r--s 00002000 08:01 149596     /usr/lib/jvm/java-7-openjdk-i386/jre/lib/ext/dnsns.jar
b7769000-b776a000 r--p 005e0000 08:01 138655     /usr/lib/locale/locale-archive
b776a000-b776b000 rw-p 00000000 00:00 0 
b776b000-b776c000 ---p 00000000 00:00 0 
b776c000-b7778000 r-xp 00000000 08:01 149571     /usr/lib/jvm/java-7-openjdk-i386/jre/lib/i386/libverify.so
b7778000-b7779000 r--p 0000b000 08:01 149571     /usr/lib/jvm/java-7-openjdk-i386/jre/lib/i386/libverify.so
b7779000-b777a000 rw-p 0000c000 08:01 149571     /usr/lib/jvm/java-7-openjdk-i386/jre/lib/i386/libverify.so
b777a000-b7787000 r-xp 00000000 08:01 149560     /usr/lib/jvm/java-7-openjdk-i386/jre/lib/i386/jli/libjli.so
b7787000-b7788000 r--p 0000c000 08:01 149560     /usr/lib/jvm/java-7-openjdk-i386/jre/lib/i386/jli/libjli.so
b7788000-b7789000 rw-p 0000d000 08:01 149560     /usr/lib/jvm/java-7-openjdk-i386/jre/lib/i386/jli/libjli.so
b7789000-b778b000 rw-p 00000000 00:00 0 
b778b000-b778c000 r-xp 00000000 00:00 0          [vdso]
b778c000-b77ac000 r-xp 00000000 08:01 3767       /lib/i386-linux-gnu/ld-2.15.so
b77ac000-b77ad000 r--p 0001f000 08:01 3767       /lib/i386-linux-gnu/ld-2.15.so
b77ad000-b77ae000 rw-p 00020000 08:01 3767       /lib/i386-linux-gnu/ld-2.15.so
bfb93000-bfbb4000 rw-p 00000000 00:00 0          [stack]

VM Arguments:
jvm_args: -Djline.terminal=jline.UnsupportedTerminal -Dsbt.log.noformat=true -Xmx768M -XX:MaxPermSize=384M -Dplay.version=2.2.1 
java_command: /home/spokos/.IdeaIC14/config/plugins/Scala/launcher/sbt-launch.jar < /tmp/sbt-commands0.lst
Launcher Type: SUN_STANDARD

Environment Variables:
CLASSPATH=/home/spokos/Code/idea-IC-139.225.3/bin/../lib/bootstrap.jar:/home/spokos/Code/idea-IC-139.225.3/bin/../lib/extensions.jar:/home/spokos/Code/idea-IC-139.225.3/bin/../lib/util.jar:/home/spokos/Code/idea-IC-139.225.3/bin/../lib/jdom.jar:/home/spokos/Code/idea-IC-139.225.3/bin/../lib/log4j.jar:/home/spokos/Code/idea-IC-139.225.3/bin/../lib/trove4j.jar:/home/spokos/Code/idea-IC-139.225.3/bin/../lib/jna.jar:/usr/lib/jvm/java-7-openjdk-i386/lib/tools.jar
PATH=/usr/lib/lightdm/lightdm:/usr/local/sbin:/usr/local/bin:/usr/sbin:/usr/bin:/sbin:/bin:/usr/games
LD_LIBRARY_PATH=/home/spokos/Code/idea-IC-139.225.3/bin:
SHELL=/bin/bash
DISPLAY=:0.0

Signal Handlers:
SIGSEGV: [libjvm.so+0x4e27a0], sa_mask[0]=0x7ffbfeff, sa_flags=0x10000004
SIGBUS: [libjvm.so+0x4e27a0], sa_mask[0]=0x7ffbfeff, sa_flags=0x10000004
SIGFPE: [libjvm.so+0x3b9a50], sa_mask[0]=0x7ffbfeff, sa_flags=0x10000004
SIGPIPE: [libjvm.so+0x3b9a50], sa_mask[0]=0x7ffbfeff, sa_flags=0x10000004
SIGXFSZ: [libjvm.so+0x3b9a50], sa_mask[0]=0x7ffbfeff, sa_flags=0x10000004
SIGILL: [libjvm.so+0x3b9a50], sa_mask[0]=0x7ffbfeff, sa_flags=0x10000004
SIGUSR1: SIG_DFL, sa_mask[0]=0x00000000, sa_flags=0x00000000
SIGUSR2: [libjvm.so+0x3b9d90], sa_mask[0]=0x00000004, sa_flags=0x10000004
SIGHUP: [libjvm.so+0x3b9f50], sa_mask[0]=0x7ffbfeff, sa_flags=0x10000004
SIGINT: [libjvm.so+0x3b9f50], sa_mask[0]=0x7ffbfeff, sa_flags=0x10000004
SIGTERM: [libjvm.so+0x3b9f50], sa_mask[0]=0x7ffbfeff, sa_flags=0x10000004
SIGQUIT: [libjvm.so+0x3b9f50], sa_mask[0]=0x7ffbfeff, sa_flags=0x10000004


---------------  S Y S T E M  ---------------

OS:Ubuntu 12.04 (precise)
uname:Linux 3.8.0-29-generic #42~precise1-Ubuntu SMP Wed Aug 14 15:31:16 UTC 2013 i686
libc:glibc 2.15 NPTL 2.15 
rlimit: STACK 8192k, CORE 0k, NPROC 16004, NOFILE 4096, AS infinity
load average:19.50 11.75 5.72

/proc/meminfo:
MemTotal:        2064904 kB
MemFree:           90352 kB
Buffers:             192 kB
Cached:            27812 kB
SwapCached:        39324 kB
Active:          1242324 kB
Inactive:         663616 kB
Active(anon):    1238560 kB
Inactive(anon):   659400 kB
Active(file):       3764 kB
Inactive(file):     4216 kB
Unevictable:          32 kB
Mlocked:              32 kB
HighTotal:       1183688 kB
HighFree:            784 kB
LowTotal:         881216 kB
LowFree:           89568 kB
SwapTotal:        522236 kB
SwapFree:              0 kB
Dirty:                64 kB
Writeback:             0 kB
AnonPages:       1839180 kB
Mapped:            22752 kB
Shmem:             19920 kB
Slab:              26408 kB
SReclaimable:      11908 kB
SUnreclaim:        14500 kB
KernelStack:        4848 kB
PageTables:        18964 kB
NFS_Unstable:          0 kB
Bounce:                0 kB
WritebackTmp:          0 kB
CommitLimit:     1554688 kB
Committed_AS:    6062264 kB
VmallocTotal:     122880 kB
VmallocUsed:       28772 kB
VmallocChunk:      92448 kB
HardwareCorrupted:     0 kB
AnonHugePages:         0 kB
HugePages_Total:       0
HugePages_Free:        0
HugePages_Rsvd:        0
HugePages_Surp:        0
Hugepagesize:       2048 kB
DirectMap4k:        8184 kB
DirectMap2M:      905216 kB


CPU:total 1 (4 cores per cpu, 1 threads per core) family 6 model 58 stepping 9, cmov, cx8, fxsr, mmx, sse, sse2, sse3, ssse3, sse4.1, sse4.2, popcnt, aes, erms, tsc, tscinvbit, tscinv

/proc/cpuinfo:
processor	: 0
vendor_id	: GenuineIntel
cpu family	: 6
model		: 58
model name	: Intel(R) Core(TM) i5-3570K CPU @ 3.40GHz
stepping	: 9
cpu MHz		: 3375.471
cache size	: 6144 KB
fdiv_bug	: no
hlt_bug		: no
f00f_bug	: no
coma_bug	: no
fpu		: yes
fpu_exception	: yes
cpuid level	: 5
wp		: yes
flags		: fpu vme de pse tsc msr pae mce cx8 apic mtrr pge mca cmov pat pse36 clflush mmx fxsr sse sse2 rdtscp constant_tsc pni monitor ssse3
bogomips	: 6750.94
clflush size	: 64
cache_alignment	: 64
address sizes	: 36 bits physical, 48 bits virtual
power management:



Memory: 4k page, physical 2064904k(90352k free), swap 522236k(0k free)

vm_info: OpenJDK Client VM (24.45-b08) for linux-x86 JRE (1.7.0_51-b00), built on Jan 16 2014 18:41:20 by "buildd" with gcc 4.6.3

time: Sat Feb 21 15:42:54 2015
elapsed time: 257 seconds

