#
# There is insufficient memory for the Java Runtime Environment to continue.
# Native memory allocation (malloc) failed to allocate 715849728 bytes for committing reserved memory.
# Possible reasons:
#   The system is out of physical RAM or swap space
#   In 32 bit mode, the process size limit was hit
# Possible solutions:
#   Reduce memory load on the system
#   Increase physical memory or swap space
#   Check if swap backing store is full
#   Use 64 bit Java on a 64 bit OS
#   Decrease Java heap size (-Xmx/-Xms)
#   Decrease number of Java threads
#   Decrease Java thread stack sizes (-Xss)
#   Set larger code cache with -XX:ReservedCodeCacheSize=
# This output file may be truncated or incomplete.
#
#  Out of Memory Error (os_linux.cpp:2761), pid=4718, tid=3063700288
#
# JRE version:  (7.0_51) (build )
# Java VM: OpenJDK Client VM (24.45-b08 mixed mode, sharing linux-x86 )
# Failed to write core dump. Core dumps have been disabled. To enable core dumping, try "ulimit -c unlimited" before starting Java again
#

---------------  T H R E A D  ---------------

Current thread (0xb6807c00):  JavaThread "Unknown thread" [_thread_in_vm, id=4758, stack(0xb6975000,0xb69c6000)]

Stack: [0xb6975000,0xb69c6000]

[error occurred during error reporting (printing native stack), id 0xb]


---------------  P R O C E S S  ---------------

Java Threads: ( => current thread )

Other Threads:

=>0xb6807c00 (exited) JavaThread "Unknown thread" [_thread_in_vm, id=4758, stack(0xb6975000,0xb69c6000)]

VM state:not at safepoint (not fully initialized)

VM Mutex/Monitor currently owned by a thread: None

GC Heap History (0 events):
No events

Deoptimization events (0 events):
No events

Internal exceptions (0 events):
No events

Events (0 events):
No events


Dynamic libraries:
08048000-08049000 r-xp 00000000 08:01 149543     /usr/lib/jvm/java-7-openjdk-i386/jre/bin/java
08049000-0804a000 r--p 00000000 08:01 149543     /usr/lib/jvm/java-7-openjdk-i386/jre/bin/java
0804a000-0804b000 rw-p 00001000 08:01 149543     /usr/lib/jvm/java-7-openjdk-i386/jre/bin/java
09a1b000-09a3c000 rw-p 00000000 00:00 0          [heap]
42980000-57ed0000 rw-p 00000000 00:00 0 
82980000-94780000 rw-p 00000000 00:00 0 
b44e7000-b4592000 rw-p 00000000 00:00 0 
b4592000-b4772000 rw-p 00000000 00:00 0 
b4772000-b4774000 rw-p 00000000 00:00 0 
b4774000-b47f3000 rw-p 00000000 00:00 0 
b47f3000-b481b000 rwxp 00000000 00:00 0 
b481b000-b67f3000 rw-p 00000000 00:00 0 
b67f3000-b67fe000 r-xp 00000000 08:01 3838       /lib/i386-linux-gnu/libnss_files-2.15.so
b67fe000-b67ff000 r--p 0000a000 08:01 3838       /lib/i386-linux-gnu/libnss_files-2.15.so
b67ff000-b6800000 rw-p 0000b000 08:01 3838       /lib/i386-linux-gnu/libnss_files-2.15.so
b6800000-b6821000 rw-p 00000000 00:00 0 
b6821000-b6900000 ---p 00000000 00:00 0 
b6901000-b690b000 r-xp 00000000 08:01 3842       /lib/i386-linux-gnu/libnss_nis-2.15.so
b690b000-b690c000 r--p 00009000 08:01 3842       /lib/i386-linux-gnu/libnss_nis-2.15.so
b690c000-b690d000 rw-p 0000a000 08:01 3842       /lib/i386-linux-gnu/libnss_nis-2.15.so
b690d000-b6923000 r-xp 00000000 08:01 3832       /lib/i386-linux-gnu/libnsl-2.15.so
b6923000-b6924000 r--p 00015000 08:01 3832       /lib/i386-linux-gnu/libnsl-2.15.so
b6924000-b6925000 rw-p 00016000 08:01 3832       /lib/i386-linux-gnu/libnsl-2.15.so
b6925000-b6927000 rw-p 00000000 00:00 0 
b6927000-b692e000 r-xp 00000000 08:01 3834       /lib/i386-linux-gnu/libnss_compat-2.15.so
b692e000-b692f000 r--p 00006000 08:01 3834       /lib/i386-linux-gnu/libnss_compat-2.15.so
b692f000-b6930000 rw-p 00007000 08:01 3834       /lib/i386-linux-gnu/libnss_compat-2.15.so
b6931000-b6939000 r-xp 00000000 08:01 149572     /usr/lib/jvm/java-7-openjdk-i386/jre/lib/i386/libzip.so
b6939000-b693a000 r--p 00007000 08:01 149572     /usr/lib/jvm/java-7-openjdk-i386/jre/lib/i386/libzip.so
b693a000-b693b000 rw-p 00008000 08:01 149572     /usr/lib/jvm/java-7-openjdk-i386/jre/lib/i386/libzip.so
b693b000-b6943000 rw-s 00000000 08:01 323157     /tmp/hsperfdata_spokos/4718
b6943000-b696a000 r-xp 00000000 08:01 149557     /usr/lib/jvm/java-7-openjdk-i386/jre/lib/i386/libjava.so
b696a000-b696b000 r--p 00026000 08:01 149557     /usr/lib/jvm/java-7-openjdk-i386/jre/lib/i386/libjava.so
b696b000-b696c000 rw-p 00027000 08:01 149557     /usr/lib/jvm/java-7-openjdk-i386/jre/lib/i386/libjava.so
b696c000-b6973000 r-xp 00000000 08:01 3873       /lib/i386-linux-gnu/librt-2.15.so
b6973000-b6974000 r--p 00006000 08:01 3873       /lib/i386-linux-gnu/librt-2.15.so
b6974000-b6975000 rw-p 00007000 08:01 3873       /lib/i386-linux-gnu/librt-2.15.so
b6975000-b6978000 ---p 00000000 00:00 0 
b6978000-b69c6000 rw-p 00000000 00:00 0          [stack:4758]
b69c6000-b69e2000 r-xp 00000000 08:01 3808       /lib/i386-linux-gnu/libgcc_s.so.1
b69e2000-b69e3000 r--p 0001b000 08:01 3808       /lib/i386-linux-gnu/libgcc_s.so.1
b69e3000-b69e4000 rw-p 0001c000 08:01 3808       /lib/i386-linux-gnu/libgcc_s.so.1
b69e4000-b6a0e000 r-xp 00000000 08:01 3819       /lib/i386-linux-gnu/libm-2.15.so
b6a0e000-b6a0f000 r--p 00029000 08:01 3819       /lib/i386-linux-gnu/libm-2.15.so
b6a0f000-b6a10000 rw-p 0002a000 08:01 3819       /lib/i386-linux-gnu/libm-2.15.so
b6a10000-b6ae8000 r-xp 00000000 08:01 134992     /usr/lib/i386-linux-gnu/libstdc++.so.6.0.16
b6ae8000-b6ae9000 ---p 000d8000 08:01 134992     /usr/lib/i386-linux-gnu/libstdc++.so.6.0.16
b6ae9000-b6aed000 r--p 000d8000 08:01 134992     /usr/lib/i386-linux-gnu/libstdc++.so.6.0.16
b6aed000-b6aee000 rw-p 000dc000 08:01 134992     /usr/lib/i386-linux-gnu/libstdc++.so.6.0.16
b6aee000-b6af5000 rw-p 00000000 00:00 0 
b6af5000-b70f9000 r-xp 00000000 08:01 149590     /usr/lib/jvm/java-7-openjdk-i386/jre/lib/i386/client/libjvm.so
b70f9000-b70fa000 ---p 00604000 08:01 149590     /usr/lib/jvm/java-7-openjdk-i386/jre/lib/i386/client/libjvm.so
b70fa000-b7111000 r--p 00604000 08:01 149590     /usr/lib/jvm/java-7-openjdk-i386/jre/lib/i386/client/libjvm.so
b7111000-b711f000 rw-p 0061b000 08:01 149590     /usr/lib/jvm/java-7-openjdk-i386/jre/lib/i386/client/libjvm.so
b711f000-b753b000 rw-p 00000000 00:00 0 
b753b000-b754f000 r-xp 00000000 08:01 3898       /lib/i386-linux-gnu/libz.so.1.2.3.4
b754f000-b7550000 r--p 00013000 08:01 3898       /lib/i386-linux-gnu/libz.so.1.2.3.4
b7550000-b7551000 rw-p 00014000 08:01 3898       /lib/i386-linux-gnu/libz.so.1.2.3.4
b7551000-b7568000 r-xp 00000000 08:01 3867       /lib/i386-linux-gnu/libpthread-2.15.so
b7568000-b7569000 r--p 00016000 08:01 3867       /lib/i386-linux-gnu/libpthread-2.15.so
b7569000-b756a000 rw-p 00017000 08:01 3867       /lib/i386-linux-gnu/libpthread-2.15.so
b756a000-b756c000 rw-p 00000000 00:00 0 
b756c000-b756f000 r-xp 00000000 08:01 3800       /lib/i386-linux-gnu/libdl-2.15.so
b756f000-b7570000 r--p 00002000 08:01 3800       /lib/i386-linux-gnu/libdl-2.15.so
b7570000-b7571000 rw-p 00003000 08:01 3800       /lib/i386-linux-gnu/libdl-2.15.so
b7571000-b7714000 r-xp 00000000 08:01 3787       /lib/i386-linux-gnu/libc-2.15.so
b7714000-b7716000 r--p 001a3000 08:01 3787       /lib/i386-linux-gnu/libc-2.15.so
b7716000-b7717000 rw-p 001a5000 08:01 3787       /lib/i386-linux-gnu/libc-2.15.so
b7717000-b771b000 rw-p 00000000 00:00 0 
b771e000-b771f000 rw-p 00000000 00:00 0 
b771f000-b7720000 r--p 00000000 00:00 0 
b7720000-b772c000 r-xp 00000000 08:01 149571     /usr/lib/jvm/java-7-openjdk-i386/jre/lib/i386/libverify.so
b772c000-b772d000 r--p 0000b000 08:01 149571     /usr/lib/jvm/java-7-openjdk-i386/jre/lib/i386/libverify.so
b772d000-b772e000 rw-p 0000c000 08:01 149571     /usr/lib/jvm/java-7-openjdk-i386/jre/lib/i386/libverify.so
b772e000-b773b000 r-xp 00000000 08:01 149560     /usr/lib/jvm/java-7-openjdk-i386/jre/lib/i386/jli/libjli.so
b773b000-b773c000 r--p 0000c000 08:01 149560     /usr/lib/jvm/java-7-openjdk-i386/jre/lib/i386/jli/libjli.so
b773c000-b773d000 rw-p 0000d000 08:01 149560     /usr/lib/jvm/java-7-openjdk-i386/jre/lib/i386/jli/libjli.so
b773d000-b773f000 rw-p 00000000 00:00 0 
b773f000-b7740000 r-xp 00000000 00:00 0          [vdso]
b7740000-b7760000 r-xp 00000000 08:01 3767       /lib/i386-linux-gnu/ld-2.15.so
b7760000-b7761000 r--p 0001f000 08:01 3767       /lib/i386-linux-gnu/ld-2.15.so
b7761000-b7762000 rw-p 00020000 08:01 3767       /lib/i386-linux-gnu/ld-2.15.so
bf87f000-bf8a1000 rw-p 00000000 00:00 0          [stack]

VM Arguments:
jvm_args: -Dactivator.home=/home/spokos/Code/Typesafe_activator/activator-1.2.10-minimal -Xms1024m -Xmx1024m -XX:PermSize=64m -XX:MaxPermSize=256m 
java_command: /home/spokos/Code/Typesafe_activator/activator-1.2.10-minimal/activator-launch-1.2.10.jar compile
Launcher Type: SUN_STANDARD

Environment Variables:
CLASSPATH=/home/spokos/Code/idea-IC-139.225.3/bin/../lib/bootstrap.jar:/home/spokos/Code/idea-IC-139.225.3/bin/../lib/extensions.jar:/home/spokos/Code/idea-IC-139.225.3/bin/../lib/util.jar:/home/spokos/Code/idea-IC-139.225.3/bin/../lib/jdom.jar:/home/spokos/Code/idea-IC-139.225.3/bin/../lib/log4j.jar:/home/spokos/Code/idea-IC-139.225.3/bin/../lib/trove4j.jar:/home/spokos/Code/idea-IC-139.225.3/bin/../lib/jna.jar:/usr/lib/jvm/java-7-openjdk-i386/lib/tools.jar
PATH=/home/spokos/.rvm/gems/ruby-2.2.0/bin:/home/spokos/.rvm/gems/ruby-2.2.0@global/bin:/home/spokos/.rvm/rubies/ruby-2.2.0/bin:/home/spokos/Code/sbt/bin:/home/spokos/Code/playframework/play-2.2.1:/home/spokos/Code/Typesafe_activator/activator-1.2.10-minimal:/home/spokos/Code/StandardML/bin:/usr/lib/lightdm/lightdm:/usr/local/sbin:/usr/local/bin:/usr/sbin:/usr/bin:/sbin:/bin:/usr/games:/home/spokos/.rvm/bin
LD_LIBRARY_PATH=/home/spokos/Code/idea-IC-139.225.3/bin:
SHELL=/bin/bash
DISPLAY=:0.0

Signal Handlers:
SIGSEGV: [libjvm.so+0x4e27a0], sa_mask[0]=0x7ffbfeff, sa_flags=0x10000004
SIGBUS: [libjvm.so+0x4e27a0], sa_mask[0]=0x7ffbfeff, sa_flags=0x10000004
SIGFPE: [libjvm.so+0x3b9a50], sa_mask[0]=0x7ffbfeff, sa_flags=0x10000004
SIGPIPE: [libjvm.so+0x3b9a50], sa_mask[0]=0x7ffbfeff, sa_flags=0x10000004
SIGXFSZ: [libjvm.so+0x3b9a50], sa_mask[0]=0x7ffbfeff, sa_flags=0x10000004
SIGILL: [libjvm.so+0x3b9a50], sa_mask[0]=0x7ffbfeff, sa_flags=0x10000004
SIGUSR1: SIG_DFL, sa_mask[0]=0x00000000, sa_flags=0x00000000
SIGUSR2: [libjvm.so+0x3b9d90], sa_mask[0]=0x00000004, sa_flags=0x10000004
SIGHUP: SIG_DFL, sa_mask[0]=0x00000000, sa_flags=0x00000000
SIGINT: SIG_DFL, sa_mask[0]=0x00000000, sa_flags=0x00000000
SIGTERM: SIG_DFL, sa_mask[0]=0x00000000, sa_flags=0x00000000
SIGQUIT: SIG_DFL, sa_mask[0]=0x00000000, sa_flags=0x00000000


---------------  S Y S T E M  ---------------

OS:Ubuntu 12.04 (precise)
uname:Linux 3.8.0-29-generic #42~precise1-Ubuntu SMP Wed Aug 14 15:31:16 UTC 2013 i686
libc:glibc 2.15 NPTL 2.15 
rlimit: STACK 8192k, CORE 0k, NPROC 16004, NOFILE 4096, AS infinity
load average:0.87 0.81 0.54

/proc/meminfo:
MemTotal:        2064904 kB
MemFree:          619412 kB
Buffers:            8344 kB
Cached:           142132 kB
SwapCached:        54932 kB
Active:           801736 kB
Inactive:         571756 kB
Active(anon):     713088 kB
Inactive(anon):   520052 kB
Active(file):      88648 kB
Inactive(file):    51704 kB
Unevictable:          32 kB
Mlocked:              32 kB
HighTotal:       1183688 kB
HighFree:         348728 kB
LowTotal:         881216 kB
LowFree:          270684 kB
SwapTotal:        522236 kB
SwapFree:           4736 kB
Dirty:               248 kB
Writeback:             0 kB
AnonPages:       1168684 kB
Mapped:            69112 kB
Shmem:             10036 kB
Slab:              28732 kB
SReclaimable:      13760 kB
SUnreclaim:        14972 kB
KernelStack:        4664 kB
PageTables:        20976 kB
NFS_Unstable:          0 kB
Bounce:                0 kB
WritebackTmp:          0 kB
CommitLimit:     1554688 kB
Committed_AS:    5601908 kB
VmallocTotal:     122880 kB
VmallocUsed:       28772 kB
VmallocChunk:      92980 kB
HardwareCorrupted:     0 kB
AnonHugePages:         0 kB
HugePages_Total:       0
HugePages_Free:        0
HugePages_Rsvd:        0
HugePages_Surp:        0
Hugepagesize:       2048 kB
DirectMap4k:        8184 kB
DirectMap2M:      905216 kB


CPU:total 1 (4 cores per cpu, 1 threads per core) family 6 model 58 stepping 9, cmov, cx8, fxsr, mmx, sse, sse2, sse3, ssse3, sse4.1, sse4.2, popcnt, aes, erms, tsc, tscinvbit, tscinv

/proc/cpuinfo:
processor	: 0
vendor_id	: GenuineIntel
cpu family	: 6
model		: 58
model name	: Intel(R) Core(TM) i5-3570K CPU @ 3.40GHz
stepping	: 9
cpu MHz		: 3376.010
cache size	: 6144 KB
fdiv_bug	: no
hlt_bug		: no
f00f_bug	: no
coma_bug	: no
fpu		: yes
fpu_exception	: yes
cpuid level	: 5
wp		: yes
flags		: fpu vme de pse tsc msr pae mce cx8 apic mtrr pge mca cmov pat pse36 clflush mmx fxsr sse sse2 rdtscp constant_tsc pni monitor ssse3
bogomips	: 6752.02
clflush size	: 64
cache_alignment	: 64
address sizes	: 36 bits physical, 48 bits virtual
power management:



Memory: 4k page, physical 2064904k(619412k free), swap 522236k(4736k free)

vm_info: OpenJDK Client VM (24.45-b08) for linux-x86 JRE (1.7.0_51-b00), built on Jan 16 2014 18:41:20 by "buildd" with gcc 4.6.3

time: Thu Mar 26 21:10:03 2015
elapsed time: 0 seconds

