#
# There is insufficient memory for the Java Runtime Environment to continue.
# Native memory allocation (malloc) failed to allocate 357892096 bytes for committing reserved memory.
# Possible reasons:
#   The system is out of physical RAM or swap space
#   In 32 bit mode, the process size limit was hit
# Possible solutions:
#   Reduce memory load on the system
#   Increase physical memory or swap space
#   Check if swap backing store is full
#   Use 64 bit Java on a 64 bit OS
#   Decrease Java heap size (-Xmx/-Xms)
#   Decrease number of Java threads
#   Decrease Java thread stack sizes (-Xss)
#   Set larger code cache with -XX:ReservedCodeCacheSize=
# This output file may be truncated or incomplete.
#
#  Out of Memory Error (os_linux.cpp:2761), pid=23582, tid=3063765824
#
# JRE version:  (7.0_51) (build )
# Java VM: OpenJDK Client VM (24.45-b08 mixed mode, sharing linux-x86 )
# Failed to write core dump. Core dumps have been disabled. To enable core dumping, try "ulimit -c unlimited" before starting Java again
#

---------------  T H R E A D  ---------------

Current thread (0xb6807c00):  JavaThread "Unknown thread" [_thread_in_vm, id=23622, stack(0xb6985000,0xb69d6000)]

Stack: [0xb6985000,0xb69d6000]

[error occurred during error reporting (printing native stack), id 0xb]


---------------  P R O C E S S  ---------------

Java Threads: ( => current thread )

Other Threads:

=>0xb6807c00 (exited) JavaThread "Unknown thread" [_thread_in_vm, id=23622, stack(0xb6985000,0xb69d6000)]

VM state:not at safepoint (not fully initialized)

VM Mutex/Monitor currently owned by a thread: None

GC Heap History (0 events):
No events

Deoptimization events (0 events):
No events

Internal exceptions (0 events):
No events

Events (0 events):
No events


Dynamic libraries:
08048000-08049000 r-xp 00000000 08:01 149543     /usr/lib/jvm/java-7-openjdk-i386/jre/bin/java
08049000-0804a000 r--p 00000000 08:01 149543     /usr/lib/jvm/java-7-openjdk-i386/jre/bin/java
0804a000-0804b000 rw-p 00001000 08:01 149543     /usr/lib/jvm/java-7-openjdk-i386/jre/bin/java
09620000-09641000 rw-p 00000000 00:00 0          [heap]
57ed0000-94780000 rw-p 00000000 00:00 0 
b44f4000-b477f000 rw-p 00000000 00:00 0 
b477f000-b4781000 rw-p 00000000 00:00 0 
b4781000-b4800000 rw-p 00000000 00:00 0 
b4800000-b4828000 rwxp 00000000 00:00 0 
b4828000-b6821000 rw-p 00000000 00:00 0 
b6821000-b6900000 ---p 00000000 00:00 0 
b6904000-b690f000 r-xp 00000000 08:01 3838       /lib/i386-linux-gnu/libnss_files-2.15.so
b690f000-b6910000 r--p 0000a000 08:01 3838       /lib/i386-linux-gnu/libnss_files-2.15.so
b6910000-b6911000 rw-p 0000b000 08:01 3838       /lib/i386-linux-gnu/libnss_files-2.15.so
b6911000-b691b000 r-xp 00000000 08:01 3842       /lib/i386-linux-gnu/libnss_nis-2.15.so
b691b000-b691c000 r--p 00009000 08:01 3842       /lib/i386-linux-gnu/libnss_nis-2.15.so
b691c000-b691d000 rw-p 0000a000 08:01 3842       /lib/i386-linux-gnu/libnss_nis-2.15.so
b691d000-b6933000 r-xp 00000000 08:01 3832       /lib/i386-linux-gnu/libnsl-2.15.so
b6933000-b6934000 r--p 00015000 08:01 3832       /lib/i386-linux-gnu/libnsl-2.15.so
b6934000-b6935000 rw-p 00016000 08:01 3832       /lib/i386-linux-gnu/libnsl-2.15.so
b6935000-b6937000 rw-p 00000000 00:00 0 
b6937000-b693e000 r-xp 00000000 08:01 3834       /lib/i386-linux-gnu/libnss_compat-2.15.so
b693e000-b693f000 r--p 00006000 08:01 3834       /lib/i386-linux-gnu/libnss_compat-2.15.so
b693f000-b6940000 rw-p 00007000 08:01 3834       /lib/i386-linux-gnu/libnss_compat-2.15.so
b6941000-b6949000 r-xp 00000000 08:01 149572     /usr/lib/jvm/java-7-openjdk-i386/jre/lib/i386/libzip.so
b6949000-b694a000 r--p 00007000 08:01 149572     /usr/lib/jvm/java-7-openjdk-i386/jre/lib/i386/libzip.so
b694a000-b694b000 rw-p 00008000 08:01 149572     /usr/lib/jvm/java-7-openjdk-i386/jre/lib/i386/libzip.so
b694b000-b6953000 rw-s 00000000 08:01 411641     /tmp/hsperfdata_spokos/23582
b6953000-b697a000 r-xp 00000000 08:01 149557     /usr/lib/jvm/java-7-openjdk-i386/jre/lib/i386/libjava.so
b697a000-b697b000 r--p 00026000 08:01 149557     /usr/lib/jvm/java-7-openjdk-i386/jre/lib/i386/libjava.so
b697b000-b697c000 rw-p 00027000 08:01 149557     /usr/lib/jvm/java-7-openjdk-i386/jre/lib/i386/libjava.so
b697c000-b6983000 r-xp 00000000 08:01 3873       /lib/i386-linux-gnu/librt-2.15.so
b6983000-b6984000 r--p 00006000 08:01 3873       /lib/i386-linux-gnu/librt-2.15.so
b6984000-b6985000 rw-p 00007000 08:01 3873       /lib/i386-linux-gnu/librt-2.15.so
b6985000-b6988000 ---p 00000000 00:00 0 
b6988000-b69d6000 rw-p 00000000 00:00 0          [stack:23622]
b69d6000-b69f2000 r-xp 00000000 08:01 3808       /lib/i386-linux-gnu/libgcc_s.so.1
b69f2000-b69f3000 r--p 0001b000 08:01 3808       /lib/i386-linux-gnu/libgcc_s.so.1
b69f3000-b69f4000 rw-p 0001c000 08:01 3808       /lib/i386-linux-gnu/libgcc_s.so.1
b69f4000-b6a1e000 r-xp 00000000 08:01 3819       /lib/i386-linux-gnu/libm-2.15.so
b6a1e000-b6a1f000 r--p 00029000 08:01 3819       /lib/i386-linux-gnu/libm-2.15.so
b6a1f000-b6a20000 rw-p 0002a000 08:01 3819       /lib/i386-linux-gnu/libm-2.15.so
b6a20000-b6af8000 r-xp 00000000 08:01 134992     /usr/lib/i386-linux-gnu/libstdc++.so.6.0.16
b6af8000-b6af9000 ---p 000d8000 08:01 134992     /usr/lib/i386-linux-gnu/libstdc++.so.6.0.16
b6af9000-b6afd000 r--p 000d8000 08:01 134992     /usr/lib/i386-linux-gnu/libstdc++.so.6.0.16
b6afd000-b6afe000 rw-p 000dc000 08:01 134992     /usr/lib/i386-linux-gnu/libstdc++.so.6.0.16
b6afe000-b6b05000 rw-p 00000000 00:00 0 
b6b05000-b7109000 r-xp 00000000 08:01 149590     /usr/lib/jvm/java-7-openjdk-i386/jre/lib/i386/client/libjvm.so
b7109000-b710a000 ---p 00604000 08:01 149590     /usr/lib/jvm/java-7-openjdk-i386/jre/lib/i386/client/libjvm.so
b710a000-b7121000 r--p 00604000 08:01 149590     /usr/lib/jvm/java-7-openjdk-i386/jre/lib/i386/client/libjvm.so
b7121000-b712f000 rw-p 0061b000 08:01 149590     /usr/lib/jvm/java-7-openjdk-i386/jre/lib/i386/client/libjvm.so
b712f000-b754b000 rw-p 00000000 00:00 0 
b754b000-b755f000 r-xp 00000000 08:01 3898       /lib/i386-linux-gnu/libz.so.1.2.3.4
b755f000-b7560000 r--p 00013000 08:01 3898       /lib/i386-linux-gnu/libz.so.1.2.3.4
b7560000-b7561000 rw-p 00014000 08:01 3898       /lib/i386-linux-gnu/libz.so.1.2.3.4
b7561000-b7578000 r-xp 00000000 08:01 3867       /lib/i386-linux-gnu/libpthread-2.15.so
b7578000-b7579000 r--p 00016000 08:01 3867       /lib/i386-linux-gnu/libpthread-2.15.so
b7579000-b757a000 rw-p 00017000 08:01 3867       /lib/i386-linux-gnu/libpthread-2.15.so
b757a000-b757c000 rw-p 00000000 00:00 0 
b757c000-b757f000 r-xp 00000000 08:01 3800       /lib/i386-linux-gnu/libdl-2.15.so
b757f000-b7580000 r--p 00002000 08:01 3800       /lib/i386-linux-gnu/libdl-2.15.so
b7580000-b7581000 rw-p 00003000 08:01 3800       /lib/i386-linux-gnu/libdl-2.15.so
b7581000-b7724000 r-xp 00000000 08:01 3787       /lib/i386-linux-gnu/libc-2.15.so
b7724000-b7726000 r--p 001a3000 08:01 3787       /lib/i386-linux-gnu/libc-2.15.so
b7726000-b7727000 rw-p 001a5000 08:01 3787       /lib/i386-linux-gnu/libc-2.15.so
b7727000-b772b000 rw-p 00000000 00:00 0 
b772e000-b772f000 rw-p 00000000 00:00 0 
b772f000-b7730000 r--p 00000000 00:00 0 
b7730000-b773c000 r-xp 00000000 08:01 149571     /usr/lib/jvm/java-7-openjdk-i386/jre/lib/i386/libverify.so
b773c000-b773d000 r--p 0000b000 08:01 149571     /usr/lib/jvm/java-7-openjdk-i386/jre/lib/i386/libverify.so
b773d000-b773e000 rw-p 0000c000 08:01 149571     /usr/lib/jvm/java-7-openjdk-i386/jre/lib/i386/libverify.so
b773e000-b774b000 r-xp 00000000 08:01 149560     /usr/lib/jvm/java-7-openjdk-i386/jre/lib/i386/jli/libjli.so
b774b000-b774c000 r--p 0000c000 08:01 149560     /usr/lib/jvm/java-7-openjdk-i386/jre/lib/i386/jli/libjli.so
b774c000-b774d000 rw-p 0000d000 08:01 149560     /usr/lib/jvm/java-7-openjdk-i386/jre/lib/i386/jli/libjli.so
b774d000-b774f000 rw-p 00000000 00:00 0 
b774f000-b7750000 r-xp 00000000 00:00 0          [vdso]
b7750000-b7770000 r-xp 00000000 08:01 3767       /lib/i386-linux-gnu/ld-2.15.so
b7770000-b7771000 r--p 0001f000 08:01 3767       /lib/i386-linux-gnu/ld-2.15.so
b7771000-b7772000 rw-p 00020000 08:01 3767       /lib/i386-linux-gnu/ld-2.15.so
bfdb8000-bfdda000 rw-p 00000000 00:00 0          [stack]

VM Arguments:
jvm_args: -Dactivator.home=/home/spokos/Code/Typesafe_activator/activator-1.2.10-minimal -Xms1024m -Xmx1024m -XX:PermSize=64m -XX:MaxPermSize=256m 
java_command: /home/spokos/Code/Typesafe_activator/activator-1.2.10-minimal/activator-launch-1.2.10.jar compiö
Launcher Type: SUN_STANDARD

Environment Variables:
CLASSPATH=/home/spokos/Code/idea-IC-139.225.3/bin/../lib/bootstrap.jar:/home/spokos/Code/idea-IC-139.225.3/bin/../lib/extensions.jar:/home/spokos/Code/idea-IC-139.225.3/bin/../lib/util.jar:/home/spokos/Code/idea-IC-139.225.3/bin/../lib/jdom.jar:/home/spokos/Code/idea-IC-139.225.3/bin/../lib/log4j.jar:/home/spokos/Code/idea-IC-139.225.3/bin/../lib/trove4j.jar:/home/spokos/Code/idea-IC-139.225.3/bin/../lib/jna.jar:/usr/lib/jvm/java-7-openjdk-i386/lib/tools.jar
PATH=/home/spokos/.rvm/gems/ruby-2.0.0-p353/bin:/home/spokos/.rvm/gems/ruby-2.0.0-p353@global/bin:/home/spokos/.rvm/rubies/ruby-2.0.0-p353/bin:/home/spokos/.rvm/bin:/home/spokos/Code/sbt/bin:/home/spokos/Code/playframework/play-2.2.1:/home/spokos/Code/Typesafe_activator/activator-1.2.10-minimal:/home/spokos/Code/StandardML/bin:/usr/lib/lightdm/lightdm:/usr/local/sbin:/usr/local/bin:/usr/sbin:/usr/bin:/sbin:/bin:/usr/games
LD_LIBRARY_PATH=/home/spokos/Code/idea-IC-139.225.3/bin:
SHELL=/bin/bash
DISPLAY=:0.0

Signal Handlers:
SIGSEGV: [libjvm.so+0x4e27a0], sa_mask[0]=0x7ffbfeff, sa_flags=0x10000004
SIGBUS: [libjvm.so+0x4e27a0], sa_mask[0]=0x7ffbfeff, sa_flags=0x10000004
SIGFPE: [libjvm.so+0x3b9a50], sa_mask[0]=0x7ffbfeff, sa_flags=0x10000004
SIGPIPE: [libjvm.so+0x3b9a50], sa_mask[0]=0x7ffbfeff, sa_flags=0x10000004
SIGXFSZ: [libjvm.so+0x3b9a50], sa_mask[0]=0x7ffbfeff, sa_flags=0x10000004
SIGILL: [libjvm.so+0x3b9a50], sa_mask[0]=0x7ffbfeff, sa_flags=0x10000004
SIGUSR1: SIG_DFL, sa_mask[0]=0x00000000, sa_flags=0x00000000
SIGUSR2: [libjvm.so+0x3b9d90], sa_mask[0]=0x00000004, sa_flags=0x10000004
SIGHUP: SIG_DFL, sa_mask[0]=0x00000000, sa_flags=0x00000000
SIGINT: SIG_DFL, sa_mask[0]=0x00000000, sa_flags=0x00000000
SIGTERM: SIG_DFL, sa_mask[0]=0x00000000, sa_flags=0x00000000
SIGQUIT: SIG_DFL, sa_mask[0]=0x00000000, sa_flags=0x00000000


---------------  S Y S T E M  ---------------

OS:Ubuntu 12.04 (precise)
uname:Linux 3.8.0-29-generic #42~precise1-Ubuntu SMP Wed Aug 14 15:31:16 UTC 2013 i686
libc:glibc 2.15 NPTL 2.15 
rlimit: STACK 8192k, CORE 0k, NPROC 16004, NOFILE 4096, AS infinity
load average:2.30 1.09 0.67

/proc/meminfo:
MemTotal:        2064904 kB
MemFree:          127252 kB
Buffers:            6892 kB
Cached:           189392 kB
SwapCached:        67012 kB
Active:           953284 kB
Inactive:         907156 kB
Active(anon):     860536 kB
Inactive(anon):   816856 kB
Active(file):      92748 kB
Inactive(file):    90300 kB
Unevictable:          32 kB
Mlocked:              32 kB
HighTotal:       1183688 kB
HighFree:          19128 kB
LowTotal:         881216 kB
LowFree:          108124 kB
SwapTotal:        522236 kB
SwapFree:          91232 kB
Dirty:              3544 kB
Writeback:             0 kB
AnonPages:       1598372 kB
Mapped:            91352 kB
Shmem:             13132 kB
Slab:              33748 kB
SReclaimable:      18880 kB
SUnreclaim:        14868 kB
KernelStack:        4720 kB
PageTables:        20140 kB
NFS_Unstable:          0 kB
Bounce:                0 kB
WritebackTmp:          0 kB
CommitLimit:     1554688 kB
Committed_AS:    5549820 kB
VmallocTotal:     122880 kB
VmallocUsed:       28772 kB
VmallocChunk:      92980 kB
HardwareCorrupted:     0 kB
AnonHugePages:         0 kB
HugePages_Total:       0
HugePages_Free:        0
HugePages_Rsvd:        0
HugePages_Surp:        0
Hugepagesize:       2048 kB
DirectMap4k:        8184 kB
DirectMap2M:      905216 kB


CPU:total 1 (4 cores per cpu, 1 threads per core) family 6 model 58 stepping 9, cmov, cx8, fxsr, mmx, sse, sse2, sse3, ssse3, sse4.1, sse4.2, popcnt, aes, erms, tsc, tscinvbit, tscinv

/proc/cpuinfo:
processor	: 0
vendor_id	: GenuineIntel
cpu family	: 6
model		: 58
model name	: Intel(R) Core(TM) i5-3570K CPU @ 3.40GHz
stepping	: 9
cpu MHz		: 3376.457
cache size	: 6144 KB
fdiv_bug	: no
hlt_bug		: no
f00f_bug	: no
coma_bug	: no
fpu		: yes
fpu_exception	: yes
cpuid level	: 5
wp		: yes
flags		: fpu vme de pse tsc msr pae mce cx8 apic mtrr pge mca cmov pat pse36 clflush mmx fxsr sse sse2 rdtscp constant_tsc pni monitor ssse3
bogomips	: 6752.91
clflush size	: 64
cache_alignment	: 64
address sizes	: 36 bits physical, 48 bits virtual
power management:



Memory: 4k page, physical 2064904k(127252k free), swap 522236k(91232k free)

vm_info: OpenJDK Client VM (24.45-b08) for linux-x86 JRE (1.7.0_51-b00), built on Jan 16 2014 18:41:20 by "buildd" with gcc 4.6.3

time: Tue Mar 10 22:50:27 2015
elapsed time: 0 seconds

