#
# There is insufficient memory for the Java Runtime Environment to continue.
# Native memory allocation (malloc) failed to allocate 715849728 bytes for committing reserved memory.
# Possible reasons:
#   The system is out of physical RAM or swap space
#   In 32 bit mode, the process size limit was hit
# Possible solutions:
#   Reduce memory load on the system
#   Increase physical memory or swap space
#   Check if swap backing store is full
#   Use 64 bit Java on a 64 bit OS
#   Decrease Java heap size (-Xmx/-Xms)
#   Decrease number of Java threads
#   Decrease Java thread stack sizes (-Xss)
#   Set larger code cache with -XX:ReservedCodeCacheSize=
# This output file may be truncated or incomplete.
#
#  Out of Memory Error (os_linux.cpp:2761), pid=23722, tid=3064310592
#
# JRE version:  (7.0_51) (build )
# Java VM: OpenJDK Client VM (24.45-b08 mixed mode, sharing linux-x86 )
# Failed to write core dump. Core dumps have been disabled. To enable core dumping, try "ulimit -c unlimited" before starting Java again
#

---------------  T H R E A D  ---------------

Current thread (0xb6907c00):  JavaThread "Unknown thread" [_thread_in_vm, id=23762, stack(0xb6a0a000,0xb6a5b000)]

Stack: [0xb6a0a000,0xb6a5b000]

[error occurred during error reporting (printing native stack), id 0xb]


---------------  P R O C E S S  ---------------

Java Threads: ( => current thread )

Other Threads:

=>0xb6907c00 (exited) JavaThread "Unknown thread" [_thread_in_vm, id=23762, stack(0xb6a0a000,0xb6a5b000)]

VM state:not at safepoint (not fully initialized)

VM Mutex/Monitor currently owned by a thread: None

GC Heap History (0 events):
No events

Deoptimization events (0 events):
No events

Internal exceptions (0 events):
No events

Events (0 events):
No events


Dynamic libraries:
08048000-08049000 r-xp 00000000 08:01 149543     /usr/lib/jvm/java-7-openjdk-i386/jre/bin/java
08049000-0804a000 r--p 00000000 08:01 149543     /usr/lib/jvm/java-7-openjdk-i386/jre/bin/java
0804a000-0804b000 rw-p 00001000 08:01 149543     /usr/lib/jvm/java-7-openjdk-i386/jre/bin/java
088e5000-08906000 rw-p 00000000 00:00 0          [heap]
42980000-57ed0000 rw-p 00000000 00:00 0 
82980000-94780000 rw-p 00000000 00:00 0 
b457c000-b4627000 rw-p 00000000 00:00 0 
b4627000-b4807000 rw-p 00000000 00:00 0 
b4807000-b4809000 rw-p 00000000 00:00 0 
b4809000-b4888000 rw-p 00000000 00:00 0 
b4888000-b48b0000 rwxp 00000000 00:00 0 
b48b0000-b6888000 rw-p 00000000 00:00 0 
b6888000-b6893000 r-xp 00000000 08:01 3838       /lib/i386-linux-gnu/libnss_files-2.15.so
b6893000-b6894000 r--p 0000a000 08:01 3838       /lib/i386-linux-gnu/libnss_files-2.15.so
b6894000-b6895000 rw-p 0000b000 08:01 3838       /lib/i386-linux-gnu/libnss_files-2.15.so
b6895000-b689f000 r-xp 00000000 08:01 3842       /lib/i386-linux-gnu/libnss_nis-2.15.so
b689f000-b68a0000 r--p 00009000 08:01 3842       /lib/i386-linux-gnu/libnss_nis-2.15.so
b68a0000-b68a1000 rw-p 0000a000 08:01 3842       /lib/i386-linux-gnu/libnss_nis-2.15.so
b68a1000-b68b7000 r-xp 00000000 08:01 3832       /lib/i386-linux-gnu/libnsl-2.15.so
b68b7000-b68b8000 r--p 00015000 08:01 3832       /lib/i386-linux-gnu/libnsl-2.15.so
b68b8000-b68b9000 rw-p 00016000 08:01 3832       /lib/i386-linux-gnu/libnsl-2.15.so
b68b9000-b68bb000 rw-p 00000000 00:00 0 
b68bb000-b68c2000 r-xp 00000000 08:01 3834       /lib/i386-linux-gnu/libnss_compat-2.15.so
b68c2000-b68c3000 r--p 00006000 08:01 3834       /lib/i386-linux-gnu/libnss_compat-2.15.so
b68c3000-b68c4000 rw-p 00007000 08:01 3834       /lib/i386-linux-gnu/libnss_compat-2.15.so
b68c5000-b68cd000 r-xp 00000000 08:01 149572     /usr/lib/jvm/java-7-openjdk-i386/jre/lib/i386/libzip.so
b68cd000-b68ce000 r--p 00007000 08:01 149572     /usr/lib/jvm/java-7-openjdk-i386/jre/lib/i386/libzip.so
b68ce000-b68cf000 rw-p 00008000 08:01 149572     /usr/lib/jvm/java-7-openjdk-i386/jre/lib/i386/libzip.so
b68cf000-b68d7000 rw-s 00000000 08:01 411612     /tmp/hsperfdata_spokos/23722
b68d7000-b68fe000 r-xp 00000000 08:01 149557     /usr/lib/jvm/java-7-openjdk-i386/jre/lib/i386/libjava.so
b68fe000-b68ff000 r--p 00026000 08:01 149557     /usr/lib/jvm/java-7-openjdk-i386/jre/lib/i386/libjava.so
b68ff000-b6900000 rw-p 00027000 08:01 149557     /usr/lib/jvm/java-7-openjdk-i386/jre/lib/i386/libjava.so
b6900000-b6921000 rw-p 00000000 00:00 0 
b6921000-b6a00000 ---p 00000000 00:00 0 
b6a01000-b6a08000 r-xp 00000000 08:01 3873       /lib/i386-linux-gnu/librt-2.15.so
b6a08000-b6a09000 r--p 00006000 08:01 3873       /lib/i386-linux-gnu/librt-2.15.so
b6a09000-b6a0a000 rw-p 00007000 08:01 3873       /lib/i386-linux-gnu/librt-2.15.so
b6a0a000-b6a0d000 ---p 00000000 00:00 0 
b6a0d000-b6a5b000 rw-p 00000000 00:00 0          [stack:23762]
b6a5b000-b6a77000 r-xp 00000000 08:01 3808       /lib/i386-linux-gnu/libgcc_s.so.1
b6a77000-b6a78000 r--p 0001b000 08:01 3808       /lib/i386-linux-gnu/libgcc_s.so.1
b6a78000-b6a79000 rw-p 0001c000 08:01 3808       /lib/i386-linux-gnu/libgcc_s.so.1
b6a79000-b6aa3000 r-xp 00000000 08:01 3819       /lib/i386-linux-gnu/libm-2.15.so
b6aa3000-b6aa4000 r--p 00029000 08:01 3819       /lib/i386-linux-gnu/libm-2.15.so
b6aa4000-b6aa5000 rw-p 0002a000 08:01 3819       /lib/i386-linux-gnu/libm-2.15.so
b6aa5000-b6b7d000 r-xp 00000000 08:01 134992     /usr/lib/i386-linux-gnu/libstdc++.so.6.0.16
b6b7d000-b6b7e000 ---p 000d8000 08:01 134992     /usr/lib/i386-linux-gnu/libstdc++.so.6.0.16
b6b7e000-b6b82000 r--p 000d8000 08:01 134992     /usr/lib/i386-linux-gnu/libstdc++.so.6.0.16
b6b82000-b6b83000 rw-p 000dc000 08:01 134992     /usr/lib/i386-linux-gnu/libstdc++.so.6.0.16
b6b83000-b6b8a000 rw-p 00000000 00:00 0 
b6b8a000-b718e000 r-xp 00000000 08:01 149590     /usr/lib/jvm/java-7-openjdk-i386/jre/lib/i386/client/libjvm.so
b718e000-b718f000 ---p 00604000 08:01 149590     /usr/lib/jvm/java-7-openjdk-i386/jre/lib/i386/client/libjvm.so
b718f000-b71a6000 r--p 00604000 08:01 149590     /usr/lib/jvm/java-7-openjdk-i386/jre/lib/i386/client/libjvm.so
b71a6000-b71b4000 rw-p 0061b000 08:01 149590     /usr/lib/jvm/java-7-openjdk-i386/jre/lib/i386/client/libjvm.so
b71b4000-b75d0000 rw-p 00000000 00:00 0 
b75d0000-b75e4000 r-xp 00000000 08:01 3898       /lib/i386-linux-gnu/libz.so.1.2.3.4
b75e4000-b75e5000 r--p 00013000 08:01 3898       /lib/i386-linux-gnu/libz.so.1.2.3.4
b75e5000-b75e6000 rw-p 00014000 08:01 3898       /lib/i386-linux-gnu/libz.so.1.2.3.4
b75e6000-b75fd000 r-xp 00000000 08:01 3867       /lib/i386-linux-gnu/libpthread-2.15.so
b75fd000-b75fe000 r--p 00016000 08:01 3867       /lib/i386-linux-gnu/libpthread-2.15.so
b75fe000-b75ff000 rw-p 00017000 08:01 3867       /lib/i386-linux-gnu/libpthread-2.15.so
b75ff000-b7601000 rw-p 00000000 00:00 0 
b7601000-b7604000 r-xp 00000000 08:01 3800       /lib/i386-linux-gnu/libdl-2.15.so
b7604000-b7605000 r--p 00002000 08:01 3800       /lib/i386-linux-gnu/libdl-2.15.so
b7605000-b7606000 rw-p 00003000 08:01 3800       /lib/i386-linux-gnu/libdl-2.15.so
b7606000-b77a9000 r-xp 00000000 08:01 3787       /lib/i386-linux-gnu/libc-2.15.so
b77a9000-b77ab000 r--p 001a3000 08:01 3787       /lib/i386-linux-gnu/libc-2.15.so
b77ab000-b77ac000 rw-p 001a5000 08:01 3787       /lib/i386-linux-gnu/libc-2.15.so
b77ac000-b77b0000 rw-p 00000000 00:00 0 
b77b3000-b77b4000 rw-p 00000000 00:00 0 
b77b4000-b77b5000 r--p 00000000 00:00 0 
b77b5000-b77c1000 r-xp 00000000 08:01 149571     /usr/lib/jvm/java-7-openjdk-i386/jre/lib/i386/libverify.so
b77c1000-b77c2000 r--p 0000b000 08:01 149571     /usr/lib/jvm/java-7-openjdk-i386/jre/lib/i386/libverify.so
b77c2000-b77c3000 rw-p 0000c000 08:01 149571     /usr/lib/jvm/java-7-openjdk-i386/jre/lib/i386/libverify.so
b77c3000-b77d0000 r-xp 00000000 08:01 149560     /usr/lib/jvm/java-7-openjdk-i386/jre/lib/i386/jli/libjli.so
b77d0000-b77d1000 r--p 0000c000 08:01 149560     /usr/lib/jvm/java-7-openjdk-i386/jre/lib/i386/jli/libjli.so
b77d1000-b77d2000 rw-p 0000d000 08:01 149560     /usr/lib/jvm/java-7-openjdk-i386/jre/lib/i386/jli/libjli.so
b77d2000-b77d4000 rw-p 00000000 00:00 0 
b77d4000-b77d5000 r-xp 00000000 00:00 0          [vdso]
b77d5000-b77f5000 r-xp 00000000 08:01 3767       /lib/i386-linux-gnu/ld-2.15.so
b77f5000-b77f6000 r--p 0001f000 08:01 3767       /lib/i386-linux-gnu/ld-2.15.so
b77f6000-b77f7000 rw-p 00020000 08:01 3767       /lib/i386-linux-gnu/ld-2.15.so
bfa7b000-bfa9d000 rw-p 00000000 00:00 0          [stack]

VM Arguments:
jvm_args: -Dactivator.home=/home/spokos/Code/Typesafe_activator/activator-1.2.10-minimal -Xms1024m -Xmx1024m -XX:PermSize=64m -XX:MaxPermSize=256m 
java_command: /home/spokos/Code/Typesafe_activator/activator-1.2.10-minimal/activator-launch-1.2.10.jar compile
Launcher Type: SUN_STANDARD

Environment Variables:
CLASSPATH=/home/spokos/Code/idea-IC-139.225.3/bin/../lib/bootstrap.jar:/home/spokos/Code/idea-IC-139.225.3/bin/../lib/extensions.jar:/home/spokos/Code/idea-IC-139.225.3/bin/../lib/util.jar:/home/spokos/Code/idea-IC-139.225.3/bin/../lib/jdom.jar:/home/spokos/Code/idea-IC-139.225.3/bin/../lib/log4j.jar:/home/spokos/Code/idea-IC-139.225.3/bin/../lib/trove4j.jar:/home/spokos/Code/idea-IC-139.225.3/bin/../lib/jna.jar:/usr/lib/jvm/java-7-openjdk-i386/lib/tools.jar
PATH=/home/spokos/.rvm/gems/ruby-2.0.0-p353/bin:/home/spokos/.rvm/gems/ruby-2.0.0-p353@global/bin:/home/spokos/.rvm/rubies/ruby-2.0.0-p353/bin:/home/spokos/.rvm/bin:/home/spokos/Code/sbt/bin:/home/spokos/Code/playframework/play-2.2.1:/home/spokos/Code/Typesafe_activator/activator-1.2.10-minimal:/home/spokos/Code/StandardML/bin:/usr/lib/lightdm/lightdm:/usr/local/sbin:/usr/local/bin:/usr/sbin:/usr/bin:/sbin:/bin:/usr/games
LD_LIBRARY_PATH=/home/spokos/Code/idea-IC-139.225.3/bin:
SHELL=/bin/bash
DISPLAY=:0.0

Signal Handlers:
SIGSEGV: [libjvm.so+0x4e27a0], sa_mask[0]=0x7ffbfeff, sa_flags=0x10000004
SIGBUS: [libjvm.so+0x4e27a0], sa_mask[0]=0x7ffbfeff, sa_flags=0x10000004
SIGFPE: [libjvm.so+0x3b9a50], sa_mask[0]=0x7ffbfeff, sa_flags=0x10000004
SIGPIPE: [libjvm.so+0x3b9a50], sa_mask[0]=0x7ffbfeff, sa_flags=0x10000004
SIGXFSZ: [libjvm.so+0x3b9a50], sa_mask[0]=0x7ffbfeff, sa_flags=0x10000004
SIGILL: [libjvm.so+0x3b9a50], sa_mask[0]=0x7ffbfeff, sa_flags=0x10000004
SIGUSR1: SIG_DFL, sa_mask[0]=0x00000000, sa_flags=0x00000000
SIGUSR2: [libjvm.so+0x3b9d90], sa_mask[0]=0x00000004, sa_flags=0x10000004
SIGHUP: SIG_DFL, sa_mask[0]=0x00000000, sa_flags=0x00000000
SIGINT: SIG_DFL, sa_mask[0]=0x00000000, sa_flags=0x00000000
SIGTERM: SIG_DFL, sa_mask[0]=0x00000000, sa_flags=0x00000000
SIGQUIT: SIG_DFL, sa_mask[0]=0x00000000, sa_flags=0x00000000


---------------  S Y S T E M  ---------------

OS:Ubuntu 12.04 (precise)
uname:Linux 3.8.0-29-generic #42~precise1-Ubuntu SMP Wed Aug 14 15:31:16 UTC 2013 i686
libc:glibc 2.15 NPTL 2.15 
rlimit: STACK 8192k, CORE 0k, NPROC 16004, NOFILE 4096, AS infinity
load average:2.94 1.29 0.74

/proc/meminfo:
MemTotal:        2064904 kB
MemFree:          345900 kB
Buffers:            6428 kB
Cached:           180400 kB
SwapCached:        67112 kB
Active:           742172 kB
Inactive:         900528 kB
Active(anon):     655016 kB
Inactive(anon):   813964 kB
Active(file):      87156 kB
Inactive(file):    86564 kB
Unevictable:          32 kB
Mlocked:              32 kB
HighTotal:       1183688 kB
HighFree:         129984 kB
LowTotal:         881216 kB
LowFree:          215916 kB
SwapTotal:        522236 kB
SwapFree:          90740 kB
Dirty:               764 kB
Writeback:             0 kB
AnonPages:       1389820 kB
Mapped:            82160 kB
Shmem:             13132 kB
Slab:              33732 kB
SReclaimable:      18860 kB
SUnreclaim:        14872 kB
KernelStack:        4624 kB
PageTables:        19580 kB
NFS_Unstable:          0 kB
Bounce:                0 kB
WritebackTmp:          0 kB
CommitLimit:     1554688 kB
Committed_AS:    5684024 kB
VmallocTotal:     122880 kB
VmallocUsed:       28772 kB
VmallocChunk:      92980 kB
HardwareCorrupted:     0 kB
AnonHugePages:         0 kB
HugePages_Total:       0
HugePages_Free:        0
HugePages_Rsvd:        0
HugePages_Surp:        0
Hugepagesize:       2048 kB
DirectMap4k:        8184 kB
DirectMap2M:      905216 kB


CPU:total 1 (4 cores per cpu, 1 threads per core) family 6 model 58 stepping 9, cmov, cx8, fxsr, mmx, sse, sse2, sse3, ssse3, sse4.1, sse4.2, popcnt, aes, erms, tsc, tscinvbit, tscinv

/proc/cpuinfo:
processor	: 0
vendor_id	: GenuineIntel
cpu family	: 6
model		: 58
model name	: Intel(R) Core(TM) i5-3570K CPU @ 3.40GHz
stepping	: 9
cpu MHz		: 3376.457
cache size	: 6144 KB
fdiv_bug	: no
hlt_bug		: no
f00f_bug	: no
coma_bug	: no
fpu		: yes
fpu_exception	: yes
cpuid level	: 5
wp		: yes
flags		: fpu vme de pse tsc msr pae mce cx8 apic mtrr pge mca cmov pat pse36 clflush mmx fxsr sse sse2 rdtscp constant_tsc pni monitor ssse3
bogomips	: 6752.91
clflush size	: 64
cache_alignment	: 64
address sizes	: 36 bits physical, 48 bits virtual
power management:



Memory: 4k page, physical 2064904k(345900k free), swap 522236k(90740k free)

vm_info: OpenJDK Client VM (24.45-b08) for linux-x86 JRE (1.7.0_51-b00), built on Jan 16 2014 18:41:20 by "buildd" with gcc 4.6.3

time: Tue Mar 10 22:50:40 2015
elapsed time: 0 seconds

